2023-01-25 00:41:19,453 django.utils.autoreload INFO Watching for file changes with StatReloader
2023-01-25 00:41:21,202 django.utils.autoreload INFO Watching for file changes with StatReloader
2023-01-25 00:41:46,798 django.utils.autoreload INFO E:\PythonProjects\Django-Learn\DRF\Full-StackCorporation\backend\src\core\settings\additional_settings\logging.py changed, reloading.
2023-01-25 00:42:09,647 django.utils.autoreload INFO Watching for file changes with StatReloader
2023-01-25 00:42:15,897 django.utils.autoreload INFO E:\PythonProjects\Django-Learn\DRF\Full-StackCorporation\backend\src\core\settings\additional_settings\logging.py changed, reloading.
2023-01-25 00:42:16,580 django.utils.autoreload INFO Watching for file changes with StatReloader
2023-01-25 00:47:30,392 django.utils.autoreload INFO Watching for file changes with StatReloader
2023-01-25 00:48:19,080 django.utils.autoreload INFO E:\PythonProjects\Django-Learn\DRF\Full-StackCorporation\backend\src\core\settings\additional_settings\logging.py changed, reloading.
2023-01-25 00:48:19,763 django.utils.autoreload INFO Watching for file changes with StatReloader
2023-01-25 00:48:25,065 django.utils.autoreload INFO Watching for file changes with StatReloader
2023-01-25 01:05:21,283 django.utils.autoreload INFO Watching for file changes with StatReloader
2023-01-25 01:17:43,256 django.utils.autoreload INFO Watching for file changes with StatReloader
2023-01-25 01:17:48,230 django.server INFO "GET / HTTP/1.1" 200 4267
2023-01-25 01:17:48,578 django.server INFO "GET /api-swagger/schema/ HTTP/1.1" 200 193534
2023-01-25 01:18:09,228 django.utils.autoreload INFO E:\PythonProjects\Django-Learn\DRF\Full-StackCorporation\backend\src\core\settings\base.py changed, reloading.
2023-01-25 01:18:09,886 django.utils.autoreload INFO Watching for file changes with StatReloader
2023-01-25 01:26:57,329 django.utils.autoreload INFO E:\PythonProjects\Django-Learn\DRF\Full-StackCorporation\backend\src\core\settings\base.py changed, reloading.
2023-01-25 01:26:58,095 django.utils.autoreload INFO Watching for file changes with StatReloader
2023-01-25 02:20:22,302 django.utils.autoreload INFO Watching for file changes with StatReloader
2023-01-25 02:20:24,937 django.server INFO "GET / HTTP/1.1" 200 4267
2023-01-25 02:20:25,278 django.server INFO "GET /api-swagger/schema/ HTTP/1.1" 200 193534
2023-01-25 13:26:10,638 django.utils.autoreload INFO Watching for file changes with StatReloader
2023-01-25 13:26:19,149 django.utils.autoreload INFO E:\PythonProjects\Django-Learn\DRF\Full-StackCorporation\backend\src\core\settings\base.py changed, reloading.
2023-01-25 13:26:20,047 django.utils.autoreload INFO Watching for file changes with StatReloader
2023-01-25 13:26:41,585 django.utils.autoreload INFO Watching for file changes with StatReloader
2023-01-25 21:16:07,998 django.utils.autoreload INFO Watching for file changes with StatReloader
2023-01-25 21:16:22,099 django.utils.autoreload INFO E:\PythonProjects\Django-Learn\DRF\Full-StackCorporation\backend\src\authentication\urls\djoser.py changed, reloading.
2023-01-25 21:16:22,797 django.utils.autoreload INFO Watching for file changes with StatReloader
2023-01-25 21:16:30,115 django.utils.autoreload INFO E:\PythonProjects\Django-Learn\DRF\Full-StackCorporation\backend\src\authentication\urls\__init__.py changed, reloading.
2023-01-25 21:16:30,883 django.utils.autoreload INFO Watching for file changes with StatReloader
2023-01-25 21:16:45,645 django.utils.autoreload INFO E:\PythonProjects\Django-Learn\DRF\Full-StackCorporation\backend\src\authentication\urls\__init__.py changed, reloading.
2023-01-25 21:16:46,373 django.utils.autoreload INFO Watching for file changes with StatReloader
2023-01-25 21:16:52,681 django.utils.autoreload INFO E:\PythonProjects\Django-Learn\DRF\Full-StackCorporation\backend\src\authentication\urls\__init__.py changed, reloading.
2023-01-25 21:16:53,449 django.utils.autoreload INFO Watching for file changes with StatReloader
2023-01-25 21:17:01,834 django.utils.autoreload INFO E:\PythonProjects\Django-Learn\DRF\Full-StackCorporation\backend\src\authentication\urls\__init__.py changed, reloading.
2023-01-25 21:17:02,511 django.utils.autoreload INFO Watching for file changes with StatReloader
2023-01-25 21:18:42,128 django.server INFO "GET / HTTP/1.1" 200 4267
2023-01-25 21:18:42,561 django.server INFO "GET /api-swagger/schema/ HTTP/1.1" 200 193534
2023-01-25 21:24:49,477 django.utils.autoreload INFO E:\PythonProjects\Django-Learn\DRF\Full-StackCorporation\backend\src\authentication\urls\__init__.py changed, reloading.
2023-01-25 21:24:50,150 django.utils.autoreload INFO Watching for file changes with StatReloader
2023-01-25 21:36:26,498 django.server WARNING "POST /auth/users/ HTTP/1.1" 400 119
2023-01-25 21:36:31,034 django.server INFO "GET /api-swagger/schema/ HTTP/1.1" 200 193534
2023-01-25 21:36:34,210 django.server INFO "GET /admin HTTP/1.1" 301 0
2023-01-25 21:36:34,454 django.server INFO "GET /admin/ HTTP/1.1" 200 12430
2023-01-25 21:36:34,804 django.server INFO "GET /static/admin/css/dashboard.css HTTP/1.1" 200 380
2023-01-25 21:36:34,812 django.server INFO "GET /static/admin/css/dark_mode.css HTTP/1.1" 200 796
2023-01-25 21:36:34,814 django.server INFO "GET /static/admin/css/nav_sidebar.css HTTP/1.1" 200 2619
2023-01-25 21:36:34,815 django.server INFO "GET /static/admin/css/base.css HTTP/1.1" 200 20344
2023-01-25 21:36:34,816 django.server INFO "GET /static/admin/css/responsive.css HTTP/1.1" 200 18854
2023-01-25 21:36:34,822 django.server INFO "GET /static/admin/css/fonts.css HTTP/1.1" 200 423
2023-01-25 21:36:34,828 django.server INFO "GET /static/admin/js/nav_sidebar.js HTTP/1.1" 200 3763
2023-01-25 21:36:34,843 django.server INFO "GET /static/admin/img/icon-addlink.svg HTTP/1.1" 200 331
2023-01-25 21:36:34,844 django.server INFO "GET /static/admin/img/icon-changelink.svg HTTP/1.1" 200 380
2023-01-25 21:36:34,844 django.server INFO "GET /static/admin/img/icon-deletelink.svg HTTP/1.1" 200 392
2023-01-25 21:36:34,863 django.server INFO "GET /static/admin/fonts/Roboto-Light-webfont.woff HTTP/1.1" 200 85692
2023-01-25 21:36:34,864 django.server INFO "GET /static/admin/fonts/Roboto-Bold-webfont.woff HTTP/1.1" 200 86184
2023-01-25 21:36:34,866 django.server INFO "GET /static/admin/fonts/Roboto-Regular-webfont.woff HTTP/1.1" 200 85876
2023-01-25 21:36:40,119 django.server INFO "GET /admin/user/customuser/ HTTP/1.1" 200 12113
2023-01-25 21:36:40,395 django.server INFO "GET /static/admin/css/changelists.css HTTP/1.1" 200 6395
2023-01-25 21:36:40,399 django.server INFO "GET /static/admin/js/jquery.init.js HTTP/1.1" 200 347
2023-01-25 21:36:40,408 django.server INFO "GET /admin/jsi18n/ HTTP/1.1" 200 3343
2023-01-25 21:36:40,410 django.server INFO "GET /static/admin/js/core.js HTTP/1.1" 200 5698
2023-01-25 21:36:40,412 django.server INFO "GET /static/admin/js/actions.js HTTP/1.1" 200 7872
2023-01-25 21:36:40,414 django.server INFO "GET /static/admin/js/admin/RelatedObjectLookups.js HTTP/1.1" 200 8985
2023-01-25 21:36:40,415 django.server INFO "GET /static/admin/js/urlify.js HTTP/1.1" 200 7902
2023-01-25 21:36:40,420 django.server INFO "GET /static/admin/js/prepopulate.js HTTP/1.1" 200 1531
2023-01-25 21:36:40,455 django.server INFO "GET /static/admin/js/vendor/jquery/jquery.js HTTP/1.1" 200 288580
2023-01-25 21:36:40,468 django.server INFO "GET /static/admin/js/filters.js HTTP/1.1" 200 966
2023-01-25 21:36:40,470 django.server INFO "GET /static/admin/js/vendor/xregexp/xregexp.js HTTP/1.1" 200 232381
2023-01-25 21:36:40,489 django.server INFO "GET /static/admin/img/tooltag-add.svg HTTP/1.1" 200 331
2023-01-25 21:36:43,005 django.server INFO "POST /admin/user/customuser/ HTTP/1.1" 200 10914
2023-01-25 21:36:43,279 django.server INFO "GET /static/admin/js/cancel.js HTTP/1.1" 200 884
2023-01-25 21:36:43,784 django.server INFO "POST /admin/user/customuser/ HTTP/1.1" 302 0
2023-01-25 21:36:43,820 django.server INFO "GET /admin/user/customuser/ HTTP/1.1" 200 12041
2023-01-25 21:36:44,084 django.server INFO "GET /admin/jsi18n/ HTTP/1.1" 200 3343
2023-01-25 21:36:44,104 django.server INFO "GET /static/admin/img/icon-yes.svg HTTP/1.1" 200 436
2023-01-25 21:36:45,581 django.server INFO "POST /auth/users/ HTTP/1.1" 201 141
2023-01-25 21:53:16,242 django.utils.autoreload INFO Watching for file changes with StatReloader
2023-01-25 21:53:18,315 django.server INFO "GET / HTTP/1.1" 200 4267
2023-01-25 21:53:18,688 django.server INFO "GET /api-swagger/schema/ HTTP/1.1" 200 193534
2023-01-25 21:53:23,314 django.server WARNING "POST /auth/users/activation/ HTTP/1.1" 400 50
2023-01-25 21:53:32,139 django.server INFO "POST /auth/users/reset_password/ HTTP/1.1" 204 0
2023-01-25 21:53:41,972 django.server WARNING "POST /auth/users/reset_password_confirm/ HTTP/1.1" 400 87
2023-01-25 21:56:29,702 django.utils.autoreload INFO E:\PythonProjects\Django-Learn\DRF\Full-StackCorporation\backend\src\authentication\views\djoser.py changed, reloading.
2023-01-25 21:56:30,385 django.utils.autoreload INFO Watching for file changes with StatReloader
2023-01-25 22:07:41,463 django.utils.autoreload INFO E:\PythonProjects\Django-Learn\DRF\Full-StackCorporation\backend\src\authentication\views\djoser.py changed, reloading.
2023-01-25 22:07:42,200 django.utils.autoreload INFO Watching for file changes with StatReloader
2023-01-25 23:01:38,426 django.utils.autoreload INFO E:\PythonProjects\Django-Learn\DRF\Full-StackCorporation\backend\src\authentication\urls\utils\filter_djoser.py changed, reloading.
2023-01-25 23:01:39,271 django.utils.autoreload INFO Watching for file changes with StatReloader
2023-01-25 23:26:41,928 django.server INFO "POST /auth/users/reset_password/ HTTP/1.1" 204 0
2023-01-25 23:26:44,363 django.server INFO "POST /auth/users/reset_password/ HTTP/1.1" 204 0
2023-01-25 23:29:13,559 django.server INFO "POST /auth/users/reset_password/ HTTP/1.1" 204 0
2023-01-25 23:29:22,296 django.server INFO "POST /auth/users/reset_password/ HTTP/1.1" 204 0
2023-01-25 23:30:00,262 django.server INFO "POST /auth/users/reset_password/ HTTP/1.1" 204 0
2023-01-25 23:30:10,102 django.server INFO "GET / HTTP/1.1" 200 4267
2023-01-25 23:30:10,549 django.server INFO "GET /api-swagger/schema/ HTTP/1.1" 200 193534
2023-01-25 23:30:15,086 django.server INFO "GET /admin/ HTTP/1.1" 200 12681
2023-01-25 23:30:15,406 django.server INFO "GET /admin/ HTTP/1.1" 200 12681
2023-01-25 23:30:17,529 django.server INFO "GET /admin/user/customuser/ HTTP/1.1" 200 12113
2023-01-25 23:30:17,925 django.server INFO "GET /admin/jsi18n/ HTTP/1.1" 200 3343
2023-01-25 23:30:20,319 django.server INFO "GET /admin/user/customuser/6/change/ HTTP/1.1" 200 26073
2023-01-25 23:30:20,602 django.server INFO "GET /admin/jsi18n/ HTTP/1.1" 200 3343
2023-01-25 23:30:20,659 django.server INFO "GET /static/admin/css/forms.css HTTP/1.1" 200 8944
2023-01-25 23:30:20,672 django.server INFO "GET /static/admin/css/widgets.css HTTP/1.1" 200 11297
2023-01-25 23:30:20,689 django.server INFO "GET /static/admin/js/admin/DateTimeShortcuts.js HTTP/1.1" 200 19379
2023-01-25 23:30:20,691 django.server INFO "GET /static/admin/js/calendar.js HTTP/1.1" 200 8466
2023-01-25 23:30:20,705 django.server INFO "GET /static/admin/js/prepopulate_init.js HTTP/1.1" 200 586
2023-01-25 23:30:20,707 django.server INFO "GET /static/admin/img/icon-viewlink.svg HTTP/1.1" 200 581
2023-01-25 23:30:20,716 django.server INFO "GET /static/admin/js/change_form.js HTTP/1.1" 200 606
2023-01-25 23:30:20,734 django.server INFO "GET /static/admin/img/icon-clock.svg HTTP/1.1" 200 677
2023-01-25 23:30:20,736 django.server INFO "GET /static/admin/img/icon-calendar.svg HTTP/1.1" 200 1086
2023-01-25 23:30:35,341 django.server INFO "POST /auth/users/reset_password/ HTTP/1.1" 204 0
2023-01-25 23:30:55,896 django.server INFO "POST /auth/users/reset_password/ HTTP/1.1" 204 0
2023-01-25 23:31:12,583 django.server INFO "POST /auth/users/reset_password/ HTTP/1.1" 204 0
2023-01-25 23:31:25,376 django.server INFO "POST /admin/user/customuser/6/change/ HTTP/1.1" 302 0
2023-01-25 23:31:25,399 django.server INFO "GET /admin/user/customuser/ HTTP/1.1" 200 12324
2023-01-25 23:31:25,731 django.server INFO "GET /admin/jsi18n/ HTTP/1.1" 200 3343
2023-01-25 23:31:28,168 django.server INFO "POST /auth/users/reset_password/ HTTP/1.1" 204 0
2023-01-25 23:31:41,606 django.server INFO "GET /admin/user/customuser/6/change/ HTTP/1.1" 200 26079
2023-01-25 23:31:41,928 django.server INFO "GET /admin/jsi18n/ HTTP/1.1" 200 3343
2023-01-25 23:31:44,201 django.server INFO "POST /admin/user/customuser/6/change/ HTTP/1.1" 302 0
2023-01-25 23:31:44,242 django.server INFO "GET /admin/user/customuser/ HTTP/1.1" 200 12324
2023-01-25 23:31:44,553 django.server INFO "GET /admin/jsi18n/ HTTP/1.1" 200 3343
2023-01-25 23:31:47,594 django.server INFO "POST /auth/users/reset_password/ HTTP/1.1" 204 0
2023-01-26 00:13:16,314 django.server INFO "GET /admin/user/customuser/ HTTP/1.1" 200 12113
2023-01-26 00:13:16,598 django.server INFO "GET /admin/jsi18n/ HTTP/1.1" 200 3343
2023-01-26 21:16:05,475 django.utils.autoreload INFO Watching for file changes with StatReloader
2023-01-26 21:16:19,459 django.server INFO "GET / HTTP/1.1" 200 4267
2023-01-26 21:16:19,811 django.server INFO "GET /api-swagger/schema/ HTTP/1.1" 200 192474
2023-01-26 21:17:24,050 django.utils.autoreload INFO E:\PythonProjects\Django-Learn\DRF\Full-StackCorporation\Full-StackCorporation-Backend\src\organization\serializers\organization.py changed, reloading.
2023-01-26 21:17:25,783 django.utils.autoreload INFO Watching for file changes with StatReloader
2023-01-26 21:20:36,496 django.utils.autoreload INFO E:\PythonProjects\Django-Learn\DRF\Full-StackCorporation\Full-StackCorporation-Backend\src\message\serializers\invite.py changed, reloading.
2023-01-26 21:20:38,296 django.utils.autoreload INFO Watching for file changes with StatReloader
2023-01-26 21:23:32,980 django.utils.autoreload INFO E:\PythonProjects\Django-Learn\DRF\Full-StackCorporation\Full-StackCorporation-Backend\src\organization\serializers\organization.py changed, reloading.
2023-01-26 21:23:33,640 django.utils.autoreload INFO Watching for file changes with StatReloader
2023-01-26 21:24:11,605 django.utils.autoreload INFO E:\PythonProjects\Django-Learn\DRF\Full-StackCorporation\Full-StackCorporation-Backend\src\employee\serializers\specialty.py changed, reloading.
2023-01-26 21:24:12,304 django.utils.autoreload INFO Watching for file changes with StatReloader
2023-01-26 21:25:11,486 django.utils.autoreload INFO E:\PythonProjects\Django-Learn\DRF\Full-StackCorporation\Full-StackCorporation-Backend\src\employee\serializers\specialty.py changed, reloading.
2023-01-26 21:25:12,149 django.utils.autoreload INFO Watching for file changes with StatReloader
2023-01-26 21:25:41,474 django.server INFO "GET / HTTP/1.1" 200 4267
2023-01-26 21:25:41,888 django.server INFO "GET /api-swagger/schema/ HTTP/1.1" 200 193045
2023-01-26 21:27:33,336 django.utils.autoreload INFO E:\PythonProjects\Django-Learn\DRF\Full-StackCorporation\Full-StackCorporation-Backend\src\employee\serializers\specialty.py changed, reloading.
2023-01-26 21:27:34,015 django.utils.autoreload INFO Watching for file changes with StatReloader
2023-01-26 21:28:16,197 django.utils.autoreload INFO E:\PythonProjects\Django-Learn\DRF\Full-StackCorporation\Full-StackCorporation-Backend\src\project\serializer\project.py changed, reloading.
2023-01-26 21:28:16,878 django.utils.autoreload INFO Watching for file changes with StatReloader
2023-01-26 21:28:19,936 django.utils.autoreload INFO E:\PythonProjects\Django-Learn\DRF\Full-StackCorporation\Full-StackCorporation-Backend\src\project\serializer\project.py changed, reloading.
2023-01-26 21:28:20,644 django.utils.autoreload INFO Watching for file changes with StatReloader
2023-01-26 21:28:34,312 django.utils.autoreload INFO E:\PythonProjects\Django-Learn\DRF\Full-StackCorporation\Full-StackCorporation-Backend\src\project\serializer\project.py changed, reloading.
2023-01-26 21:28:34,955 django.utils.autoreload INFO Watching for file changes with StatReloader
2023-01-26 21:28:54,573 django.server INFO "GET / HTTP/1.1" 200 4267
2023-01-26 21:28:54,945 django.server INFO "GET /api-swagger/schema/ HTTP/1.1" 200 193040
2023-01-26 21:29:34,519 django.utils.autoreload INFO E:\PythonProjects\Django-Learn\DRF\Full-StackCorporation\Full-StackCorporation-Backend\src\employee\serializers\developer.py changed, reloading.
2023-01-26 21:29:36,204 django.utils.autoreload INFO Watching for file changes with StatReloader
2023-01-27 02:30:10,160 django.utils.autoreload INFO Watching for file changes with StatReloader
2023-01-27 02:30:52,757 django.utils.autoreload INFO E:\PythonProjects\Django-Learn\DRF\Full-StackCorporation\Full-StackCorporation-Backend\src\organization\serializers\__init__.py changed, reloading.
2023-01-27 02:30:53,370 django.utils.autoreload INFO Watching for file changes with StatReloader
2023-01-27 02:30:58,044 django.utils.autoreload INFO E:\PythonProjects\Django-Learn\DRF\Full-StackCorporation\Full-StackCorporation-Backend\src\employee\serializers\__init__.py changed, reloading.
2023-01-27 02:30:58,697 django.utils.autoreload INFO Watching for file changes with StatReloader
2023-01-27 02:31:01,023 django.utils.autoreload INFO E:\PythonProjects\Django-Learn\DRF\Full-StackCorporation\Full-StackCorporation-Backend\src\employee\serializers\__init__.py changed, reloading.
2023-01-27 02:31:01,680 django.utils.autoreload INFO Watching for file changes with StatReloader
2023-01-27 02:31:03,325 django.server INFO "GET / HTTP/1.1" 200 4267
2023-01-27 02:31:04,938 django.request ERROR Internal Server Error: /api-swagger/schema/
Traceback (most recent call last):
  File "E:\PythonProjects\Django-Learn\DRF\Full-StackCorporation\envCorp\lib\site-packages\django\core\handlers\exception.py", line 55, in inner
    response = get_response(request)
  File "E:\PythonProjects\Django-Learn\DRF\Full-StackCorporation\envCorp\lib\site-packages\django\core\handlers\base.py", line 220, in _get_response
    response = response.render()
  File "E:\PythonProjects\Django-Learn\DRF\Full-StackCorporation\envCorp\lib\site-packages\django\template\response.py", line 114, in render
    self.content = self.rendered_content
  File "E:\PythonProjects\Django-Learn\DRF\Full-StackCorporation\envCorp\lib\site-packages\rest_framework\response.py", line 70, in rendered_content
    ret = renderer.render(self.data, accepted_media_type, context)
  File "E:\PythonProjects\Django-Learn\DRF\Full-StackCorporation\envCorp\lib\site-packages\rest_framework\renderers.py", line 99, in render
    ret = json.dumps(
  File "E:\PythonProjects\Django-Learn\DRF\Full-StackCorporation\envCorp\lib\site-packages\rest_framework\utils\json.py", line 25, in dumps
    return json.dumps(*args, **kwargs)
  File "C:\Users\mihai\AppData\Local\Programs\Python\Python310\lib\json\__init__.py", line 238, in dumps
    **kw).encode(obj)
  File "C:\Users\mihai\AppData\Local\Programs\Python\Python310\lib\json\encoder.py", line 201, in encode
    chunks = list(chunks)
  File "C:\Users\mihai\AppData\Local\Programs\Python\Python310\lib\json\encoder.py", line 431, in _iterencode
    yield from _iterencode_dict(o, _current_indent_level)
  File "C:\Users\mihai\AppData\Local\Programs\Python\Python310\lib\json\encoder.py", line 405, in _iterencode_dict
    yield from chunks
  File "C:\Users\mihai\AppData\Local\Programs\Python\Python310\lib\json\encoder.py", line 405, in _iterencode_dict
    yield from chunks
  File "C:\Users\mihai\AppData\Local\Programs\Python\Python310\lib\json\encoder.py", line 405, in _iterencode_dict
    yield from chunks
  [Previous line repeated 5 more times]
  File "C:\Users\mihai\AppData\Local\Programs\Python\Python310\lib\json\encoder.py", line 438, in _iterencode
    o = _default(o)
  File "E:\PythonProjects\Django-Learn\DRF\Full-StackCorporation\envCorp\lib\site-packages\rest_framework\utils\encoders.py", line 67, in default
    return super().default(obj)
  File "C:\Users\mihai\AppData\Local\Programs\Python\Python310\lib\json\encoder.py", line 179, in default
    raise TypeError(f'Object of type {o.__class__.__name__} '
TypeError: Object of type OpenApiTypes is not JSON serializable
2023-01-27 02:31:04,938 django.request ERROR Internal Server Error: /api-swagger/schema/
Traceback (most recent call last):
  File "E:\PythonProjects\Django-Learn\DRF\Full-StackCorporation\envCorp\lib\site-packages\django\core\handlers\exception.py", line 55, in inner
    response = get_response(request)
  File "E:\PythonProjects\Django-Learn\DRF\Full-StackCorporation\envCorp\lib\site-packages\django\core\handlers\base.py", line 220, in _get_response
    response = response.render()
  File "E:\PythonProjects\Django-Learn\DRF\Full-StackCorporation\envCorp\lib\site-packages\django\template\response.py", line 114, in render
    self.content = self.rendered_content
  File "E:\PythonProjects\Django-Learn\DRF\Full-StackCorporation\envCorp\lib\site-packages\rest_framework\response.py", line 70, in rendered_content
    ret = renderer.render(self.data, accepted_media_type, context)
  File "E:\PythonProjects\Django-Learn\DRF\Full-StackCorporation\envCorp\lib\site-packages\rest_framework\renderers.py", line 99, in render
    ret = json.dumps(
  File "E:\PythonProjects\Django-Learn\DRF\Full-StackCorporation\envCorp\lib\site-packages\rest_framework\utils\json.py", line 25, in dumps
    return json.dumps(*args, **kwargs)
  File "C:\Users\mihai\AppData\Local\Programs\Python\Python310\lib\json\__init__.py", line 238, in dumps
    **kw).encode(obj)
  File "C:\Users\mihai\AppData\Local\Programs\Python\Python310\lib\json\encoder.py", line 201, in encode
    chunks = list(chunks)
  File "C:\Users\mihai\AppData\Local\Programs\Python\Python310\lib\json\encoder.py", line 431, in _iterencode
    yield from _iterencode_dict(o, _current_indent_level)
  File "C:\Users\mihai\AppData\Local\Programs\Python\Python310\lib\json\encoder.py", line 405, in _iterencode_dict
    yield from chunks
  File "C:\Users\mihai\AppData\Local\Programs\Python\Python310\lib\json\encoder.py", line 405, in _iterencode_dict
    yield from chunks
  File "C:\Users\mihai\AppData\Local\Programs\Python\Python310\lib\json\encoder.py", line 405, in _iterencode_dict
    yield from chunks
  [Previous line repeated 5 more times]
  File "C:\Users\mihai\AppData\Local\Programs\Python\Python310\lib\json\encoder.py", line 438, in _iterencode
    o = _default(o)
  File "E:\PythonProjects\Django-Learn\DRF\Full-StackCorporation\envCorp\lib\site-packages\rest_framework\utils\encoders.py", line 67, in default
    return super().default(obj)
  File "C:\Users\mihai\AppData\Local\Programs\Python\Python310\lib\json\encoder.py", line 179, in default
    raise TypeError(f'Object of type {o.__class__.__name__} '
TypeError: Object of type OpenApiTypes is not JSON serializable
2023-01-27 02:31:04,958 django.server ERROR "GET /api-swagger/schema/ HTTP/1.1" 500 330871
2023-01-27 02:31:06,115 django.request ERROR Internal Server Error: /api-swagger/schema/
Traceback (most recent call last):
  File "E:\PythonProjects\Django-Learn\DRF\Full-StackCorporation\envCorp\lib\site-packages\django\core\handlers\exception.py", line 55, in inner
    response = get_response(request)
  File "E:\PythonProjects\Django-Learn\DRF\Full-StackCorporation\envCorp\lib\site-packages\django\core\handlers\base.py", line 220, in _get_response
    response = response.render()
  File "E:\PythonProjects\Django-Learn\DRF\Full-StackCorporation\envCorp\lib\site-packages\django\template\response.py", line 114, in render
    self.content = self.rendered_content
  File "E:\PythonProjects\Django-Learn\DRF\Full-StackCorporation\envCorp\lib\site-packages\rest_framework\response.py", line 70, in rendered_content
    ret = renderer.render(self.data, accepted_media_type, context)
  File "E:\PythonProjects\Django-Learn\DRF\Full-StackCorporation\envCorp\lib\site-packages\rest_framework\renderers.py", line 99, in render
    ret = json.dumps(
  File "E:\PythonProjects\Django-Learn\DRF\Full-StackCorporation\envCorp\lib\site-packages\rest_framework\utils\json.py", line 25, in dumps
    return json.dumps(*args, **kwargs)
  File "C:\Users\mihai\AppData\Local\Programs\Python\Python310\lib\json\__init__.py", line 238, in dumps
    **kw).encode(obj)
  File "C:\Users\mihai\AppData\Local\Programs\Python\Python310\lib\json\encoder.py", line 201, in encode
    chunks = list(chunks)
  File "C:\Users\mihai\AppData\Local\Programs\Python\Python310\lib\json\encoder.py", line 431, in _iterencode
    yield from _iterencode_dict(o, _current_indent_level)
  File "C:\Users\mihai\AppData\Local\Programs\Python\Python310\lib\json\encoder.py", line 405, in _iterencode_dict
    yield from chunks
  File "C:\Users\mihai\AppData\Local\Programs\Python\Python310\lib\json\encoder.py", line 405, in _iterencode_dict
    yield from chunks
  File "C:\Users\mihai\AppData\Local\Programs\Python\Python310\lib\json\encoder.py", line 405, in _iterencode_dict
    yield from chunks
  [Previous line repeated 5 more times]
  File "C:\Users\mihai\AppData\Local\Programs\Python\Python310\lib\json\encoder.py", line 438, in _iterencode
    o = _default(o)
  File "E:\PythonProjects\Django-Learn\DRF\Full-StackCorporation\envCorp\lib\site-packages\rest_framework\utils\encoders.py", line 67, in default
    return super().default(obj)
  File "C:\Users\mihai\AppData\Local\Programs\Python\Python310\lib\json\encoder.py", line 179, in default
    raise TypeError(f'Object of type {o.__class__.__name__} '
TypeError: Object of type OpenApiTypes is not JSON serializable
2023-01-27 02:31:06,115 django.request ERROR Internal Server Error: /api-swagger/schema/
Traceback (most recent call last):
  File "E:\PythonProjects\Django-Learn\DRF\Full-StackCorporation\envCorp\lib\site-packages\django\core\handlers\exception.py", line 55, in inner
    response = get_response(request)
  File "E:\PythonProjects\Django-Learn\DRF\Full-StackCorporation\envCorp\lib\site-packages\django\core\handlers\base.py", line 220, in _get_response
    response = response.render()
  File "E:\PythonProjects\Django-Learn\DRF\Full-StackCorporation\envCorp\lib\site-packages\django\template\response.py", line 114, in render
    self.content = self.rendered_content
  File "E:\PythonProjects\Django-Learn\DRF\Full-StackCorporation\envCorp\lib\site-packages\rest_framework\response.py", line 70, in rendered_content
    ret = renderer.render(self.data, accepted_media_type, context)
  File "E:\PythonProjects\Django-Learn\DRF\Full-StackCorporation\envCorp\lib\site-packages\rest_framework\renderers.py", line 99, in render
    ret = json.dumps(
  File "E:\PythonProjects\Django-Learn\DRF\Full-StackCorporation\envCorp\lib\site-packages\rest_framework\utils\json.py", line 25, in dumps
    return json.dumps(*args, **kwargs)
  File "C:\Users\mihai\AppData\Local\Programs\Python\Python310\lib\json\__init__.py", line 238, in dumps
    **kw).encode(obj)
  File "C:\Users\mihai\AppData\Local\Programs\Python\Python310\lib\json\encoder.py", line 201, in encode
    chunks = list(chunks)
  File "C:\Users\mihai\AppData\Local\Programs\Python\Python310\lib\json\encoder.py", line 431, in _iterencode
    yield from _iterencode_dict(o, _current_indent_level)
  File "C:\Users\mihai\AppData\Local\Programs\Python\Python310\lib\json\encoder.py", line 405, in _iterencode_dict
    yield from chunks
  File "C:\Users\mihai\AppData\Local\Programs\Python\Python310\lib\json\encoder.py", line 405, in _iterencode_dict
    yield from chunks
  File "C:\Users\mihai\AppData\Local\Programs\Python\Python310\lib\json\encoder.py", line 405, in _iterencode_dict
    yield from chunks
  [Previous line repeated 5 more times]
  File "C:\Users\mihai\AppData\Local\Programs\Python\Python310\lib\json\encoder.py", line 438, in _iterencode
    o = _default(o)
  File "E:\PythonProjects\Django-Learn\DRF\Full-StackCorporation\envCorp\lib\site-packages\rest_framework\utils\encoders.py", line 67, in default
    return super().default(obj)
  File "C:\Users\mihai\AppData\Local\Programs\Python\Python310\lib\json\encoder.py", line 179, in default
    raise TypeError(f'Object of type {o.__class__.__name__} '
TypeError: Object of type OpenApiTypes is not JSON serializable
2023-01-27 02:31:06,132 django.server ERROR "GET /api-swagger/schema/ HTTP/1.1" 500 330871
2023-01-27 02:31:41,318 django.utils.autoreload INFO E:\PythonProjects\Django-Learn\DRF\Full-StackCorporation\Full-StackCorporation-Backend\src\employee\serializers\developer.py changed, reloading.
2023-01-27 02:31:41,992 django.utils.autoreload INFO Watching for file changes with StatReloader
2023-01-27 02:31:43,921 django.server INFO "GET / HTTP/1.1" 200 4267
2023-01-27 02:31:44,198 django.server INFO "GET /api-swagger/schema/ HTTP/1.1" 200 193268
2023-01-27 02:33:38,459 django.utils.autoreload INFO E:\PythonProjects\Django-Learn\DRF\Full-StackCorporation\Full-StackCorporation-Backend\src\employee\serializers\developer.py changed, reloading.
2023-01-27 02:33:39,103 django.utils.autoreload INFO Watching for file changes with StatReloader
2023-01-27 02:35:12,833 django.utils.autoreload INFO E:\PythonProjects\Django-Learn\DRF\Full-StackCorporation\Full-StackCorporation-Backend\src\employee\serializers\developer.py changed, reloading.
2023-01-27 02:35:13,464 django.utils.autoreload INFO Watching for file changes with StatReloader
2023-01-27 02:35:15,041 django.server INFO "GET / HTTP/1.1" 200 4267
2023-01-27 02:35:15,390 django.server INFO "GET /api-swagger/schema/ HTTP/1.1" 200 193096
2023-01-27 02:38:49,410 django.utils.autoreload INFO E:\PythonProjects\Django-Learn\DRF\Full-StackCorporation\Full-StackCorporation-Backend\src\employee\serializers\developer.py changed, reloading.
2023-01-27 02:38:50,074 django.utils.autoreload INFO Watching for file changes with StatReloader
2023-01-27 02:41:53,679 django.utils.autoreload INFO E:\PythonProjects\Django-Learn\DRF\Full-StackCorporation\Full-StackCorporation-Backend\src\employee\serializers\developer.py changed, reloading.
2023-01-27 02:41:54,311 django.utils.autoreload INFO Watching for file changes with StatReloader
2023-01-27 02:41:57,617 django.server INFO "GET / HTTP/1.1" 200 4267
2023-01-27 02:41:58,030 django.server INFO "GET /api-swagger/schema/ HTTP/1.1" 200 193663
2023-01-27 02:42:09,280 django.utils.autoreload INFO E:\PythonProjects\Django-Learn\DRF\Full-StackCorporation\Full-StackCorporation-Backend\src\employee\serializers\developer.py changed, reloading.
2023-01-27 02:42:09,925 django.utils.autoreload INFO Watching for file changes with StatReloader
2023-01-27 02:42:10,567 django.server INFO "GET / HTTP/1.1" 200 4267
2023-01-27 02:42:10,997 django.server INFO "GET /api-swagger/schema/ HTTP/1.1" 200 193665
2023-01-27 02:42:19,372 django.utils.autoreload INFO E:\PythonProjects\Django-Learn\DRF\Full-StackCorporation\Full-StackCorporation-Backend\src\employee\serializers\developer.py changed, reloading.
2023-01-27 02:42:20,006 django.utils.autoreload INFO Watching for file changes with StatReloader
2023-01-27 02:42:23,091 django.server INFO "GET / HTTP/1.1" 200 4267
2023-01-27 02:42:23,434 django.server INFO "GET /api-swagger/schema/ HTTP/1.1" 200 193663
2023-01-27 02:42:56,025 django.utils.autoreload INFO E:\PythonProjects\Django-Learn\DRF\Full-StackCorporation\Full-StackCorporation-Backend\src\employee\serializers\developer.py changed, reloading.
2023-01-27 02:42:56,671 django.utils.autoreload INFO Watching for file changes with StatReloader
2023-01-27 02:43:15,989 django.utils.autoreload INFO E:\PythonProjects\Django-Learn\DRF\Full-StackCorporation\Full-StackCorporation-Backend\src\employee\serializers\developer.py changed, reloading.
2023-01-27 02:43:16,654 django.utils.autoreload INFO Watching for file changes with StatReloader
2023-01-27 02:43:50,276 django.utils.autoreload INFO E:\PythonProjects\Django-Learn\DRF\Full-StackCorporation\Full-StackCorporation-Backend\src\core\settings\additional_settings\logging.py changed, reloading.
2023-01-27 02:43:50,913 django.utils.autoreload INFO Watching for file changes with StatReloader
2023-01-27 02:43:54,994 django.utils.autoreload INFO E:\PythonProjects\Django-Learn\DRF\Full-StackCorporation\Full-StackCorporation-Backend\src\core\settings\additional_settings\logging.py changed, reloading.
2023-01-27 02:43:55,628 django.utils.autoreload INFO Watching for file changes with StatReloader
2023-01-27 02:43:58,628 django.utils.autoreload INFO E:\PythonProjects\Django-Learn\DRF\Full-StackCorporation\Full-StackCorporation-Backend\src\core\settings\additional_settings\logging.py changed, reloading.
2023-01-27 02:43:59,254 django.utils.autoreload INFO Watching for file changes with StatReloader
2023-01-27 02:46:25,758 django.utils.autoreload INFO E:\PythonProjects\Django-Learn\DRF\Full-StackCorporation\Full-StackCorporation-Backend\src\project\serializer\team.py changed, reloading.
2023-01-27 02:46:26,386 django.utils.autoreload INFO Watching for file changes with StatReloader
2023-01-27 02:46:55,818 django.utils.autoreload INFO E:\PythonProjects\Django-Learn\DRF\Full-StackCorporation\Full-StackCorporation-Backend\src\project\serializer\project.py changed, reloading.
2023-01-27 02:46:56,457 django.utils.autoreload INFO Watching for file changes with StatReloader
2023-01-27 02:47:07,939 django.utils.autoreload INFO E:\PythonProjects\Django-Learn\DRF\Full-StackCorporation\Full-StackCorporation-Backend\src\project\serializer\team.py changed, reloading.
2023-01-27 02:47:08,582 django.utils.autoreload INFO Watching for file changes with StatReloader
2023-01-27 02:47:13,705 django.utils.autoreload INFO E:\PythonProjects\Django-Learn\DRF\Full-StackCorporation\Full-StackCorporation-Backend\src\project\serializer\team.py changed, reloading.
2023-01-27 02:47:14,339 django.utils.autoreload INFO Watching for file changes with StatReloader
2023-01-27 02:47:16,055 django.server INFO "GET / HTTP/1.1" 200 4267
2023-01-27 02:47:16,517 django.server INFO "GET /api-swagger/schema/ HTTP/1.1" 200 194255
2023-01-27 02:47:57,909 django.utils.autoreload INFO E:\PythonProjects\Django-Learn\DRF\Full-StackCorporation\Full-StackCorporation-Backend\src\project\serializer\team.py changed, reloading.
2023-01-27 02:47:58,556 django.utils.autoreload INFO Watching for file changes with StatReloader
2023-01-27 02:48:10,089 django.utils.autoreload INFO E:\PythonProjects\Django-Learn\DRF\Full-StackCorporation\Full-StackCorporation-Backend\src\project\serializer\team.py changed, reloading.
2023-01-27 02:48:10,751 django.utils.autoreload INFO Watching for file changes with StatReloader
2023-01-27 02:48:36,999 django.utils.autoreload INFO E:\PythonProjects\Django-Learn\DRF\Full-StackCorporation\Full-StackCorporation-Backend\src\employee\serializers\generics\employee.py changed, reloading.
2023-01-27 02:48:37,627 django.utils.autoreload INFO Watching for file changes with StatReloader
2023-01-27 02:48:53,207 django.utils.autoreload INFO Watching for file changes with StatReloader
2023-01-27 02:48:55,504 django.server INFO "GET / HTTP/1.1" 200 4267
2023-01-27 02:48:55,957 django.server INFO "GET /api-swagger/schema/ HTTP/1.1" 200 194255
2023-01-27 02:49:33,579 django.utils.autoreload INFO E:\PythonProjects\Django-Learn\DRF\Full-StackCorporation\Full-StackCorporation-Backend\src\employee\serializers\generics\employee.py changed, reloading.
2023-01-27 02:49:34,345 django.utils.autoreload INFO Watching for file changes with StatReloader
2023-01-27 02:49:50,745 django.utils.autoreload INFO E:\PythonProjects\Django-Learn\DRF\Full-StackCorporation\Full-StackCorporation-Backend\src\project\serializer\team.py changed, reloading.
2023-01-27 02:49:51,382 django.utils.autoreload INFO Watching for file changes with StatReloader
2023-01-27 02:50:05,041 django.utils.autoreload INFO Watching for file changes with StatReloader
2023-01-27 02:50:07,194 django.server INFO "GET / HTTP/1.1" 200 4267
2023-01-27 02:50:07,545 django.server INFO "GET /api-swagger/schema/ HTTP/1.1" 200 194255
2023-01-27 02:50:55,836 django.utils.autoreload INFO E:\PythonProjects\Django-Learn\DRF\Full-StackCorporation\Full-StackCorporation-Backend\src\employee\serializers\generics\employee.py changed, reloading.
2023-01-27 02:50:56,491 django.utils.autoreload INFO Watching for file changes with StatReloader
2023-01-27 02:51:31,299 django.utils.autoreload INFO E:\PythonProjects\Django-Learn\DRF\Full-StackCorporation\Full-StackCorporation-Backend\src\employee\serializers\developer.py changed, reloading.
2023-01-27 02:51:31,923 django.utils.autoreload INFO Watching for file changes with StatReloader
2023-01-27 02:51:33,261 django.server INFO "GET / HTTP/1.1" 200 4267
2023-01-27 02:51:34,589 django.request ERROR Internal Server Error: /api-swagger/schema/
Traceback (most recent call last):
  File "E:\PythonProjects\Django-Learn\DRF\Full-StackCorporation\envCorp\lib\site-packages\django\core\handlers\exception.py", line 55, in inner
    response = get_response(request)
  File "E:\PythonProjects\Django-Learn\DRF\Full-StackCorporation\envCorp\lib\site-packages\django\core\handlers\base.py", line 220, in _get_response
    response = response.render()
  File "E:\PythonProjects\Django-Learn\DRF\Full-StackCorporation\envCorp\lib\site-packages\django\template\response.py", line 114, in render
    self.content = self.rendered_content
  File "E:\PythonProjects\Django-Learn\DRF\Full-StackCorporation\envCorp\lib\site-packages\rest_framework\response.py", line 70, in rendered_content
    ret = renderer.render(self.data, accepted_media_type, context)
  File "E:\PythonProjects\Django-Learn\DRF\Full-StackCorporation\envCorp\lib\site-packages\rest_framework\renderers.py", line 99, in render
    ret = json.dumps(
  File "E:\PythonProjects\Django-Learn\DRF\Full-StackCorporation\envCorp\lib\site-packages\rest_framework\utils\json.py", line 25, in dumps
    return json.dumps(*args, **kwargs)
  File "C:\Users\mihai\AppData\Local\Programs\Python\Python310\lib\json\__init__.py", line 238, in dumps
    **kw).encode(obj)
  File "C:\Users\mihai\AppData\Local\Programs\Python\Python310\lib\json\encoder.py", line 201, in encode
    chunks = list(chunks)
  File "C:\Users\mihai\AppData\Local\Programs\Python\Python310\lib\json\encoder.py", line 431, in _iterencode
    yield from _iterencode_dict(o, _current_indent_level)
  File "C:\Users\mihai\AppData\Local\Programs\Python\Python310\lib\json\encoder.py", line 405, in _iterencode_dict
    yield from chunks
  File "C:\Users\mihai\AppData\Local\Programs\Python\Python310\lib\json\encoder.py", line 405, in _iterencode_dict
    yield from chunks
  File "C:\Users\mihai\AppData\Local\Programs\Python\Python310\lib\json\encoder.py", line 405, in _iterencode_dict
    yield from chunks
  [Previous line repeated 3 more times]
  File "C:\Users\mihai\AppData\Local\Programs\Python\Python310\lib\json\encoder.py", line 438, in _iterencode
    o = _default(o)
  File "E:\PythonProjects\Django-Learn\DRF\Full-StackCorporation\envCorp\lib\site-packages\rest_framework\utils\encoders.py", line 67, in default
    return super().default(obj)
  File "C:\Users\mihai\AppData\Local\Programs\Python\Python310\lib\json\encoder.py", line 179, in default
    raise TypeError(f'Object of type {o.__class__.__name__} '
TypeError: Object of type specialties is not JSON serializable
2023-01-27 02:51:34,589 django.request ERROR Internal Server Error: /api-swagger/schema/
Traceback (most recent call last):
  File "E:\PythonProjects\Django-Learn\DRF\Full-StackCorporation\envCorp\lib\site-packages\django\core\handlers\exception.py", line 55, in inner
    response = get_response(request)
  File "E:\PythonProjects\Django-Learn\DRF\Full-StackCorporation\envCorp\lib\site-packages\django\core\handlers\base.py", line 220, in _get_response
    response = response.render()
  File "E:\PythonProjects\Django-Learn\DRF\Full-StackCorporation\envCorp\lib\site-packages\django\template\response.py", line 114, in render
    self.content = self.rendered_content
  File "E:\PythonProjects\Django-Learn\DRF\Full-StackCorporation\envCorp\lib\site-packages\rest_framework\response.py", line 70, in rendered_content
    ret = renderer.render(self.data, accepted_media_type, context)
  File "E:\PythonProjects\Django-Learn\DRF\Full-StackCorporation\envCorp\lib\site-packages\rest_framework\renderers.py", line 99, in render
    ret = json.dumps(
  File "E:\PythonProjects\Django-Learn\DRF\Full-StackCorporation\envCorp\lib\site-packages\rest_framework\utils\json.py", line 25, in dumps
    return json.dumps(*args, **kwargs)
  File "C:\Users\mihai\AppData\Local\Programs\Python\Python310\lib\json\__init__.py", line 238, in dumps
    **kw).encode(obj)
  File "C:\Users\mihai\AppData\Local\Programs\Python\Python310\lib\json\encoder.py", line 201, in encode
    chunks = list(chunks)
  File "C:\Users\mihai\AppData\Local\Programs\Python\Python310\lib\json\encoder.py", line 431, in _iterencode
    yield from _iterencode_dict(o, _current_indent_level)
  File "C:\Users\mihai\AppData\Local\Programs\Python\Python310\lib\json\encoder.py", line 405, in _iterencode_dict
    yield from chunks
  File "C:\Users\mihai\AppData\Local\Programs\Python\Python310\lib\json\encoder.py", line 405, in _iterencode_dict
    yield from chunks
  File "C:\Users\mihai\AppData\Local\Programs\Python\Python310\lib\json\encoder.py", line 405, in _iterencode_dict
    yield from chunks
  [Previous line repeated 3 more times]
  File "C:\Users\mihai\AppData\Local\Programs\Python\Python310\lib\json\encoder.py", line 438, in _iterencode
    o = _default(o)
  File "E:\PythonProjects\Django-Learn\DRF\Full-StackCorporation\envCorp\lib\site-packages\rest_framework\utils\encoders.py", line 67, in default
    return super().default(obj)
  File "C:\Users\mihai\AppData\Local\Programs\Python\Python310\lib\json\encoder.py", line 179, in default
    raise TypeError(f'Object of type {o.__class__.__name__} '
TypeError: Object of type specialties is not JSON serializable
2023-01-27 02:51:34,591 django.server ERROR "GET /api-swagger/schema/ HTTP/1.1" 500 299673
2023-01-27 02:51:35,653 django.request ERROR Internal Server Error: /api-swagger/schema/
Traceback (most recent call last):
  File "E:\PythonProjects\Django-Learn\DRF\Full-StackCorporation\envCorp\lib\site-packages\django\core\handlers\exception.py", line 55, in inner
    response = get_response(request)
  File "E:\PythonProjects\Django-Learn\DRF\Full-StackCorporation\envCorp\lib\site-packages\django\core\handlers\base.py", line 220, in _get_response
    response = response.render()
  File "E:\PythonProjects\Django-Learn\DRF\Full-StackCorporation\envCorp\lib\site-packages\django\template\response.py", line 114, in render
    self.content = self.rendered_content
  File "E:\PythonProjects\Django-Learn\DRF\Full-StackCorporation\envCorp\lib\site-packages\rest_framework\response.py", line 70, in rendered_content
    ret = renderer.render(self.data, accepted_media_type, context)
  File "E:\PythonProjects\Django-Learn\DRF\Full-StackCorporation\envCorp\lib\site-packages\rest_framework\renderers.py", line 99, in render
    ret = json.dumps(
  File "E:\PythonProjects\Django-Learn\DRF\Full-StackCorporation\envCorp\lib\site-packages\rest_framework\utils\json.py", line 25, in dumps
    return json.dumps(*args, **kwargs)
  File "C:\Users\mihai\AppData\Local\Programs\Python\Python310\lib\json\__init__.py", line 238, in dumps
    **kw).encode(obj)
  File "C:\Users\mihai\AppData\Local\Programs\Python\Python310\lib\json\encoder.py", line 201, in encode
    chunks = list(chunks)
  File "C:\Users\mihai\AppData\Local\Programs\Python\Python310\lib\json\encoder.py", line 431, in _iterencode
    yield from _iterencode_dict(o, _current_indent_level)
  File "C:\Users\mihai\AppData\Local\Programs\Python\Python310\lib\json\encoder.py", line 405, in _iterencode_dict
    yield from chunks
  File "C:\Users\mihai\AppData\Local\Programs\Python\Python310\lib\json\encoder.py", line 405, in _iterencode_dict
    yield from chunks
  File "C:\Users\mihai\AppData\Local\Programs\Python\Python310\lib\json\encoder.py", line 405, in _iterencode_dict
    yield from chunks
  [Previous line repeated 3 more times]
  File "C:\Users\mihai\AppData\Local\Programs\Python\Python310\lib\json\encoder.py", line 438, in _iterencode
    o = _default(o)
  File "E:\PythonProjects\Django-Learn\DRF\Full-StackCorporation\envCorp\lib\site-packages\rest_framework\utils\encoders.py", line 67, in default
    return super().default(obj)
  File "C:\Users\mihai\AppData\Local\Programs\Python\Python310\lib\json\encoder.py", line 179, in default
    raise TypeError(f'Object of type {o.__class__.__name__} '
TypeError: Object of type specialties is not JSON serializable
2023-01-27 02:51:35,653 django.request ERROR Internal Server Error: /api-swagger/schema/
Traceback (most recent call last):
  File "E:\PythonProjects\Django-Learn\DRF\Full-StackCorporation\envCorp\lib\site-packages\django\core\handlers\exception.py", line 55, in inner
    response = get_response(request)
  File "E:\PythonProjects\Django-Learn\DRF\Full-StackCorporation\envCorp\lib\site-packages\django\core\handlers\base.py", line 220, in _get_response
    response = response.render()
  File "E:\PythonProjects\Django-Learn\DRF\Full-StackCorporation\envCorp\lib\site-packages\django\template\response.py", line 114, in render
    self.content = self.rendered_content
  File "E:\PythonProjects\Django-Learn\DRF\Full-StackCorporation\envCorp\lib\site-packages\rest_framework\response.py", line 70, in rendered_content
    ret = renderer.render(self.data, accepted_media_type, context)
  File "E:\PythonProjects\Django-Learn\DRF\Full-StackCorporation\envCorp\lib\site-packages\rest_framework\renderers.py", line 99, in render
    ret = json.dumps(
  File "E:\PythonProjects\Django-Learn\DRF\Full-StackCorporation\envCorp\lib\site-packages\rest_framework\utils\json.py", line 25, in dumps
    return json.dumps(*args, **kwargs)
  File "C:\Users\mihai\AppData\Local\Programs\Python\Python310\lib\json\__init__.py", line 238, in dumps
    **kw).encode(obj)
  File "C:\Users\mihai\AppData\Local\Programs\Python\Python310\lib\json\encoder.py", line 201, in encode
    chunks = list(chunks)
  File "C:\Users\mihai\AppData\Local\Programs\Python\Python310\lib\json\encoder.py", line 431, in _iterencode
    yield from _iterencode_dict(o, _current_indent_level)
  File "C:\Users\mihai\AppData\Local\Programs\Python\Python310\lib\json\encoder.py", line 405, in _iterencode_dict
    yield from chunks
  File "C:\Users\mihai\AppData\Local\Programs\Python\Python310\lib\json\encoder.py", line 405, in _iterencode_dict
    yield from chunks
  File "C:\Users\mihai\AppData\Local\Programs\Python\Python310\lib\json\encoder.py", line 405, in _iterencode_dict
    yield from chunks
  [Previous line repeated 3 more times]
  File "C:\Users\mihai\AppData\Local\Programs\Python\Python310\lib\json\encoder.py", line 438, in _iterencode
    o = _default(o)
  File "E:\PythonProjects\Django-Learn\DRF\Full-StackCorporation\envCorp\lib\site-packages\rest_framework\utils\encoders.py", line 67, in default
    return super().default(obj)
  File "C:\Users\mihai\AppData\Local\Programs\Python\Python310\lib\json\encoder.py", line 179, in default
    raise TypeError(f'Object of type {o.__class__.__name__} '
TypeError: Object of type specialties is not JSON serializable
2023-01-27 02:51:35,654 django.server ERROR "GET /api-swagger/schema/ HTTP/1.1" 500 299673
2023-01-27 02:51:57,872 django.utils.autoreload INFO Watching for file changes with StatReloader
2023-01-27 02:51:59,229 django.server INFO "GET / HTTP/1.1" 200 4267
2023-01-27 02:52:00,568 django.request ERROR Internal Server Error: /api-swagger/schema/
Traceback (most recent call last):
  File "E:\PythonProjects\Django-Learn\DRF\Full-StackCorporation\envCorp\lib\site-packages\django\core\handlers\exception.py", line 55, in inner
    response = get_response(request)
  File "E:\PythonProjects\Django-Learn\DRF\Full-StackCorporation\envCorp\lib\site-packages\django\core\handlers\base.py", line 220, in _get_response
    response = response.render()
  File "E:\PythonProjects\Django-Learn\DRF\Full-StackCorporation\envCorp\lib\site-packages\django\template\response.py", line 114, in render
    self.content = self.rendered_content
  File "E:\PythonProjects\Django-Learn\DRF\Full-StackCorporation\envCorp\lib\site-packages\rest_framework\response.py", line 70, in rendered_content
    ret = renderer.render(self.data, accepted_media_type, context)
  File "E:\PythonProjects\Django-Learn\DRF\Full-StackCorporation\envCorp\lib\site-packages\rest_framework\renderers.py", line 99, in render
    ret = json.dumps(
  File "E:\PythonProjects\Django-Learn\DRF\Full-StackCorporation\envCorp\lib\site-packages\rest_framework\utils\json.py", line 25, in dumps
    return json.dumps(*args, **kwargs)
  File "C:\Users\mihai\AppData\Local\Programs\Python\Python310\lib\json\__init__.py", line 238, in dumps
    **kw).encode(obj)
  File "C:\Users\mihai\AppData\Local\Programs\Python\Python310\lib\json\encoder.py", line 201, in encode
    chunks = list(chunks)
  File "C:\Users\mihai\AppData\Local\Programs\Python\Python310\lib\json\encoder.py", line 431, in _iterencode
    yield from _iterencode_dict(o, _current_indent_level)
  File "C:\Users\mihai\AppData\Local\Programs\Python\Python310\lib\json\encoder.py", line 405, in _iterencode_dict
    yield from chunks
  File "C:\Users\mihai\AppData\Local\Programs\Python\Python310\lib\json\encoder.py", line 405, in _iterencode_dict
    yield from chunks
  File "C:\Users\mihai\AppData\Local\Programs\Python\Python310\lib\json\encoder.py", line 405, in _iterencode_dict
    yield from chunks
  [Previous line repeated 3 more times]
  File "C:\Users\mihai\AppData\Local\Programs\Python\Python310\lib\json\encoder.py", line 438, in _iterencode
    o = _default(o)
  File "E:\PythonProjects\Django-Learn\DRF\Full-StackCorporation\envCorp\lib\site-packages\rest_framework\utils\encoders.py", line 67, in default
    return super().default(obj)
  File "C:\Users\mihai\AppData\Local\Programs\Python\Python310\lib\json\encoder.py", line 179, in default
    raise TypeError(f'Object of type {o.__class__.__name__} '
TypeError: Object of type specialties is not JSON serializable
2023-01-27 02:52:00,568 django.request ERROR Internal Server Error: /api-swagger/schema/
Traceback (most recent call last):
  File "E:\PythonProjects\Django-Learn\DRF\Full-StackCorporation\envCorp\lib\site-packages\django\core\handlers\exception.py", line 55, in inner
    response = get_response(request)
  File "E:\PythonProjects\Django-Learn\DRF\Full-StackCorporation\envCorp\lib\site-packages\django\core\handlers\base.py", line 220, in _get_response
    response = response.render()
  File "E:\PythonProjects\Django-Learn\DRF\Full-StackCorporation\envCorp\lib\site-packages\django\template\response.py", line 114, in render
    self.content = self.rendered_content
  File "E:\PythonProjects\Django-Learn\DRF\Full-StackCorporation\envCorp\lib\site-packages\rest_framework\response.py", line 70, in rendered_content
    ret = renderer.render(self.data, accepted_media_type, context)
  File "E:\PythonProjects\Django-Learn\DRF\Full-StackCorporation\envCorp\lib\site-packages\rest_framework\renderers.py", line 99, in render
    ret = json.dumps(
  File "E:\PythonProjects\Django-Learn\DRF\Full-StackCorporation\envCorp\lib\site-packages\rest_framework\utils\json.py", line 25, in dumps
    return json.dumps(*args, **kwargs)
  File "C:\Users\mihai\AppData\Local\Programs\Python\Python310\lib\json\__init__.py", line 238, in dumps
    **kw).encode(obj)
  File "C:\Users\mihai\AppData\Local\Programs\Python\Python310\lib\json\encoder.py", line 201, in encode
    chunks = list(chunks)
  File "C:\Users\mihai\AppData\Local\Programs\Python\Python310\lib\json\encoder.py", line 431, in _iterencode
    yield from _iterencode_dict(o, _current_indent_level)
  File "C:\Users\mihai\AppData\Local\Programs\Python\Python310\lib\json\encoder.py", line 405, in _iterencode_dict
    yield from chunks
  File "C:\Users\mihai\AppData\Local\Programs\Python\Python310\lib\json\encoder.py", line 405, in _iterencode_dict
    yield from chunks
  File "C:\Users\mihai\AppData\Local\Programs\Python\Python310\lib\json\encoder.py", line 405, in _iterencode_dict
    yield from chunks
  [Previous line repeated 3 more times]
  File "C:\Users\mihai\AppData\Local\Programs\Python\Python310\lib\json\encoder.py", line 438, in _iterencode
    o = _default(o)
  File "E:\PythonProjects\Django-Learn\DRF\Full-StackCorporation\envCorp\lib\site-packages\rest_framework\utils\encoders.py", line 67, in default
    return super().default(obj)
  File "C:\Users\mihai\AppData\Local\Programs\Python\Python310\lib\json\encoder.py", line 179, in default
    raise TypeError(f'Object of type {o.__class__.__name__} '
TypeError: Object of type specialties is not JSON serializable
2023-01-27 02:52:00,571 django.server ERROR "GET /api-swagger/schema/ HTTP/1.1" 500 299611
2023-01-27 02:52:01,596 django.request ERROR Internal Server Error: /api-swagger/schema/
Traceback (most recent call last):
  File "E:\PythonProjects\Django-Learn\DRF\Full-StackCorporation\envCorp\lib\site-packages\django\core\handlers\exception.py", line 55, in inner
    response = get_response(request)
  File "E:\PythonProjects\Django-Learn\DRF\Full-StackCorporation\envCorp\lib\site-packages\django\core\handlers\base.py", line 220, in _get_response
    response = response.render()
  File "E:\PythonProjects\Django-Learn\DRF\Full-StackCorporation\envCorp\lib\site-packages\django\template\response.py", line 114, in render
    self.content = self.rendered_content
  File "E:\PythonProjects\Django-Learn\DRF\Full-StackCorporation\envCorp\lib\site-packages\rest_framework\response.py", line 70, in rendered_content
    ret = renderer.render(self.data, accepted_media_type, context)
  File "E:\PythonProjects\Django-Learn\DRF\Full-StackCorporation\envCorp\lib\site-packages\rest_framework\renderers.py", line 99, in render
    ret = json.dumps(
  File "E:\PythonProjects\Django-Learn\DRF\Full-StackCorporation\envCorp\lib\site-packages\rest_framework\utils\json.py", line 25, in dumps
    return json.dumps(*args, **kwargs)
  File "C:\Users\mihai\AppData\Local\Programs\Python\Python310\lib\json\__init__.py", line 238, in dumps
    **kw).encode(obj)
  File "C:\Users\mihai\AppData\Local\Programs\Python\Python310\lib\json\encoder.py", line 201, in encode
    chunks = list(chunks)
  File "C:\Users\mihai\AppData\Local\Programs\Python\Python310\lib\json\encoder.py", line 431, in _iterencode
    yield from _iterencode_dict(o, _current_indent_level)
  File "C:\Users\mihai\AppData\Local\Programs\Python\Python310\lib\json\encoder.py", line 405, in _iterencode_dict
    yield from chunks
  File "C:\Users\mihai\AppData\Local\Programs\Python\Python310\lib\json\encoder.py", line 405, in _iterencode_dict
    yield from chunks
  File "C:\Users\mihai\AppData\Local\Programs\Python\Python310\lib\json\encoder.py", line 405, in _iterencode_dict
    yield from chunks
  [Previous line repeated 3 more times]
  File "C:\Users\mihai\AppData\Local\Programs\Python\Python310\lib\json\encoder.py", line 438, in _iterencode
    o = _default(o)
  File "E:\PythonProjects\Django-Learn\DRF\Full-StackCorporation\envCorp\lib\site-packages\rest_framework\utils\encoders.py", line 67, in default
    return super().default(obj)
  File "C:\Users\mihai\AppData\Local\Programs\Python\Python310\lib\json\encoder.py", line 179, in default
    raise TypeError(f'Object of type {o.__class__.__name__} '
TypeError: Object of type specialties is not JSON serializable
2023-01-27 02:52:01,596 django.request ERROR Internal Server Error: /api-swagger/schema/
Traceback (most recent call last):
  File "E:\PythonProjects\Django-Learn\DRF\Full-StackCorporation\envCorp\lib\site-packages\django\core\handlers\exception.py", line 55, in inner
    response = get_response(request)
  File "E:\PythonProjects\Django-Learn\DRF\Full-StackCorporation\envCorp\lib\site-packages\django\core\handlers\base.py", line 220, in _get_response
    response = response.render()
  File "E:\PythonProjects\Django-Learn\DRF\Full-StackCorporation\envCorp\lib\site-packages\django\template\response.py", line 114, in render
    self.content = self.rendered_content
  File "E:\PythonProjects\Django-Learn\DRF\Full-StackCorporation\envCorp\lib\site-packages\rest_framework\response.py", line 70, in rendered_content
    ret = renderer.render(self.data, accepted_media_type, context)
  File "E:\PythonProjects\Django-Learn\DRF\Full-StackCorporation\envCorp\lib\site-packages\rest_framework\renderers.py", line 99, in render
    ret = json.dumps(
  File "E:\PythonProjects\Django-Learn\DRF\Full-StackCorporation\envCorp\lib\site-packages\rest_framework\utils\json.py", line 25, in dumps
    return json.dumps(*args, **kwargs)
  File "C:\Users\mihai\AppData\Local\Programs\Python\Python310\lib\json\__init__.py", line 238, in dumps
    **kw).encode(obj)
  File "C:\Users\mihai\AppData\Local\Programs\Python\Python310\lib\json\encoder.py", line 201, in encode
    chunks = list(chunks)
  File "C:\Users\mihai\AppData\Local\Programs\Python\Python310\lib\json\encoder.py", line 431, in _iterencode
    yield from _iterencode_dict(o, _current_indent_level)
  File "C:\Users\mihai\AppData\Local\Programs\Python\Python310\lib\json\encoder.py", line 405, in _iterencode_dict
    yield from chunks
  File "C:\Users\mihai\AppData\Local\Programs\Python\Python310\lib\json\encoder.py", line 405, in _iterencode_dict
    yield from chunks
  File "C:\Users\mihai\AppData\Local\Programs\Python\Python310\lib\json\encoder.py", line 405, in _iterencode_dict
    yield from chunks
  [Previous line repeated 3 more times]
  File "C:\Users\mihai\AppData\Local\Programs\Python\Python310\lib\json\encoder.py", line 438, in _iterencode
    o = _default(o)
  File "E:\PythonProjects\Django-Learn\DRF\Full-StackCorporation\envCorp\lib\site-packages\rest_framework\utils\encoders.py", line 67, in default
    return super().default(obj)
  File "C:\Users\mihai\AppData\Local\Programs\Python\Python310\lib\json\encoder.py", line 179, in default
    raise TypeError(f'Object of type {o.__class__.__name__} '
TypeError: Object of type specialties is not JSON serializable
2023-01-27 02:52:01,597 django.server ERROR "GET /api-swagger/schema/ HTTP/1.1" 500 299611
2023-01-27 02:52:14,793 django.utils.autoreload INFO E:\PythonProjects\Django-Learn\DRF\Full-StackCorporation\Full-StackCorporation-Backend\src\employee\serializers\developer.py changed, reloading.
2023-01-27 02:52:15,446 django.utils.autoreload INFO Watching for file changes with StatReloader
2023-01-27 02:52:27,585 django.server INFO "GET / HTTP/1.1" 200 4267
2023-01-27 02:52:27,935 django.server INFO "GET /api-swagger/schema/ HTTP/1.1" 200 195118
2023-01-27 02:53:57,062 django.utils.autoreload INFO E:\PythonProjects\Django-Learn\DRF\Full-StackCorporation\Full-StackCorporation-Backend\src\employee\serializers\developer.py changed, reloading.
2023-01-27 02:53:57,732 django.utils.autoreload INFO Watching for file changes with StatReloader
2023-01-27 02:56:43,495 django.utils.autoreload INFO Watching for file changes with StatReloader
2023-01-27 02:56:47,643 django.server INFO "GET / HTTP/1.1" 200 4267
2023-01-27 02:56:47,993 django.server INFO "GET /api-swagger/schema/ HTTP/1.1" 200 194844
2023-01-27 02:57:38,030 django.utils.autoreload INFO E:\PythonProjects\Django-Learn\DRF\Full-StackCorporation\Full-StackCorporation-Backend\src\employee\serializers\developer.py changed, reloading.
2023-01-27 02:57:38,731 django.utils.autoreload INFO Watching for file changes with StatReloader
2023-01-27 02:57:39,389 django.server INFO "GET / HTTP/1.1" 200 4267
2023-01-27 02:57:39,715 django.server INFO "GET /api-swagger/schema/ HTTP/1.1" 200 194867
2023-01-27 02:57:47,133 django.utils.autoreload INFO E:\PythonProjects\Django-Learn\DRF\Full-StackCorporation\Full-StackCorporation-Backend\src\employee\serializers\developer.py changed, reloading.
2023-01-27 02:57:47,772 django.utils.autoreload INFO Watching for file changes with StatReloader
2023-01-27 02:58:56,282 django.utils.autoreload INFO E:\PythonProjects\Django-Learn\DRF\Full-StackCorporation\Full-StackCorporation-Backend\src\employee\serializers\developer.py changed, reloading.
2023-01-27 02:58:56,948 django.utils.autoreload INFO Watching for file changes with StatReloader
2023-01-27 02:58:59,993 django.utils.autoreload INFO E:\PythonProjects\Django-Learn\DRF\Full-StackCorporation\Full-StackCorporation-Backend\src\employee\serializers\developer.py changed, reloading.
2023-01-27 02:59:00,653 django.utils.autoreload INFO Watching for file changes with StatReloader
2023-01-27 02:59:03,562 django.server INFO "GET / HTTP/1.1" 200 4267
2023-01-27 02:59:03,886 django.server INFO "GET /api-swagger/schema/ HTTP/1.1" 200 195306
2023-01-27 02:59:57,164 django.utils.autoreload INFO E:\PythonProjects\Django-Learn\DRF\Full-StackCorporation\Full-StackCorporation-Backend\src\employee\serializers\generics\employee.py changed, reloading.
2023-01-27 02:59:57,802 django.utils.autoreload INFO Watching for file changes with StatReloader
2023-01-27 03:02:58,305 django.utils.autoreload INFO E:\PythonProjects\Django-Learn\DRF\Full-StackCorporation\Full-StackCorporation-Backend\src\employee\serializers\developer.py changed, reloading.
2023-01-27 03:02:58,940 django.utils.autoreload INFO Watching for file changes with StatReloader
2023-01-27 03:03:05,962 django.utils.autoreload INFO Watching for file changes with StatReloader
2023-01-27 03:04:22,833 django.utils.autoreload INFO Watching for file changes with StatReloader
2023-01-27 03:04:27,928 django.server INFO "GET / HTTP/1.1" 200 4267
2023-01-27 03:04:28,311 django.request ERROR Internal Server Error: /api-swagger/schema/
Traceback (most recent call last):
  File "E:\PythonProjects\Django-Learn\DRF\Full-StackCorporation\envCorp\lib\site-packages\django\core\handlers\exception.py", line 55, in inner
    response = get_response(request)
  File "E:\PythonProjects\Django-Learn\DRF\Full-StackCorporation\envCorp\lib\site-packages\django\core\handlers\base.py", line 197, in _get_response
    response = wrapped_callback(request, *callback_args, **callback_kwargs)
  File "E:\PythonProjects\Django-Learn\DRF\Full-StackCorporation\envCorp\lib\site-packages\django\views\decorators\csrf.py", line 54, in wrapped_view
    return view_func(*args, **kwargs)
  File "E:\PythonProjects\Django-Learn\DRF\Full-StackCorporation\envCorp\lib\site-packages\django\views\generic\base.py", line 103, in view
    return self.dispatch(request, *args, **kwargs)
  File "E:\PythonProjects\Django-Learn\DRF\Full-StackCorporation\envCorp\lib\site-packages\rest_framework\views.py", line 509, in dispatch
    response = self.handle_exception(exc)
  File "E:\PythonProjects\Django-Learn\DRF\Full-StackCorporation\envCorp\lib\site-packages\rest_framework\views.py", line 469, in handle_exception
    self.raise_uncaught_exception(exc)
  File "E:\PythonProjects\Django-Learn\DRF\Full-StackCorporation\envCorp\lib\site-packages\rest_framework\views.py", line 480, in raise_uncaught_exception
    raise exc
  File "E:\PythonProjects\Django-Learn\DRF\Full-StackCorporation\envCorp\lib\site-packages\rest_framework\views.py", line 506, in dispatch
    response = handler(request, *args, **kwargs)
  File "E:\PythonProjects\Django-Learn\DRF\Full-StackCorporation\envCorp\lib\site-packages\drf_spectacular\views.py", line 83, in get
    return self._get_schema_response(request)
  File "E:\PythonProjects\Django-Learn\DRF\Full-StackCorporation\envCorp\lib\site-packages\drf_spectacular\views.py", line 91, in _get_schema_response
    data=generator.get_schema(request=request, public=self.serve_public),
  File "E:\PythonProjects\Django-Learn\DRF\Full-StackCorporation\envCorp\lib\site-packages\drf_spectacular\generators.py", line 268, in get_schema
    paths=self.parse(request, public),
  File "E:\PythonProjects\Django-Learn\DRF\Full-StackCorporation\envCorp\lib\site-packages\drf_spectacular\generators.py", line 239, in parse
    operation = view.schema.get_operation(
  File "E:\PythonProjects\Django-Learn\DRF\Full-StackCorporation\envCorp\lib\site-packages\drf_spectacular\utils.py", line 364, in get_operation
    return super().get_operation(path, path_regex, path_prefix, method, registry)
  File "E:\PythonProjects\Django-Learn\DRF\Full-StackCorporation\envCorp\lib\site-packages\drf_spectacular\openapi.py", line 94, in get_operation
    operation['responses'] = self._get_response_bodies()
  File "E:\PythonProjects\Django-Learn\DRF\Full-StackCorporation\envCorp\lib\site-packages\drf_spectacular\openapi.py", line 1287, in _get_response_bodies
    return {'200': self._get_response_for_code(response_serializers, '200', direction=direction)}
  File "E:\PythonProjects\Django-Learn\DRF\Full-StackCorporation\envCorp\lib\site-packages\drf_spectacular\openapi.py", line 1343, in _get_response_for_code
    component = self.resolve_serializer(serializer, direction)
  File "E:\PythonProjects\Django-Learn\DRF\Full-StackCorporation\envCorp\lib\site-packages\drf_spectacular\openapi.py", line 1514, in resolve_serializer
    component.schema = self._map_serializer(serializer, direction, bypass_extensions)
  File "E:\PythonProjects\Django-Learn\DRF\Full-StackCorporation\envCorp\lib\site-packages\drf_spectacular\openapi.py", line 896, in _map_serializer
    schema = self._map_basic_serializer(serializer, direction)
  File "E:\PythonProjects\Django-Learn\DRF\Full-StackCorporation\envCorp\lib\site-packages\drf_spectacular\openapi.py", line 983, in _map_basic_serializer
    schema = self._map_serializer_field(field, direction)
  File "E:\PythonProjects\Django-Learn\DRF\Full-StackCorporation\envCorp\lib\site-packages\drf_spectacular\openapi.py", line 820, in _map_serializer_field
    return append_meta(self._map_response_type_hint(method), meta)
  File "E:\PythonProjects\Django-Learn\DRF\Full-StackCorporation\envCorp\lib\site-packages\drf_spectacular\plumbing.py", line 497, in append_meta
    return safe_ref({**schema, **meta})
TypeError: 'NoneType' object is not a mapping
2023-01-27 03:04:28,311 django.request ERROR Internal Server Error: /api-swagger/schema/
Traceback (most recent call last):
  File "E:\PythonProjects\Django-Learn\DRF\Full-StackCorporation\envCorp\lib\site-packages\django\core\handlers\exception.py", line 55, in inner
    response = get_response(request)
  File "E:\PythonProjects\Django-Learn\DRF\Full-StackCorporation\envCorp\lib\site-packages\django\core\handlers\base.py", line 197, in _get_response
    response = wrapped_callback(request, *callback_args, **callback_kwargs)
  File "E:\PythonProjects\Django-Learn\DRF\Full-StackCorporation\envCorp\lib\site-packages\django\views\decorators\csrf.py", line 54, in wrapped_view
    return view_func(*args, **kwargs)
  File "E:\PythonProjects\Django-Learn\DRF\Full-StackCorporation\envCorp\lib\site-packages\django\views\generic\base.py", line 103, in view
    return self.dispatch(request, *args, **kwargs)
  File "E:\PythonProjects\Django-Learn\DRF\Full-StackCorporation\envCorp\lib\site-packages\rest_framework\views.py", line 509, in dispatch
    response = self.handle_exception(exc)
  File "E:\PythonProjects\Django-Learn\DRF\Full-StackCorporation\envCorp\lib\site-packages\rest_framework\views.py", line 469, in handle_exception
    self.raise_uncaught_exception(exc)
  File "E:\PythonProjects\Django-Learn\DRF\Full-StackCorporation\envCorp\lib\site-packages\rest_framework\views.py", line 480, in raise_uncaught_exception
    raise exc
  File "E:\PythonProjects\Django-Learn\DRF\Full-StackCorporation\envCorp\lib\site-packages\rest_framework\views.py", line 506, in dispatch
    response = handler(request, *args, **kwargs)
  File "E:\PythonProjects\Django-Learn\DRF\Full-StackCorporation\envCorp\lib\site-packages\drf_spectacular\views.py", line 83, in get
    return self._get_schema_response(request)
  File "E:\PythonProjects\Django-Learn\DRF\Full-StackCorporation\envCorp\lib\site-packages\drf_spectacular\views.py", line 91, in _get_schema_response
    data=generator.get_schema(request=request, public=self.serve_public),
  File "E:\PythonProjects\Django-Learn\DRF\Full-StackCorporation\envCorp\lib\site-packages\drf_spectacular\generators.py", line 268, in get_schema
    paths=self.parse(request, public),
  File "E:\PythonProjects\Django-Learn\DRF\Full-StackCorporation\envCorp\lib\site-packages\drf_spectacular\generators.py", line 239, in parse
    operation = view.schema.get_operation(
  File "E:\PythonProjects\Django-Learn\DRF\Full-StackCorporation\envCorp\lib\site-packages\drf_spectacular\utils.py", line 364, in get_operation
    return super().get_operation(path, path_regex, path_prefix, method, registry)
  File "E:\PythonProjects\Django-Learn\DRF\Full-StackCorporation\envCorp\lib\site-packages\drf_spectacular\openapi.py", line 94, in get_operation
    operation['responses'] = self._get_response_bodies()
  File "E:\PythonProjects\Django-Learn\DRF\Full-StackCorporation\envCorp\lib\site-packages\drf_spectacular\openapi.py", line 1287, in _get_response_bodies
    return {'200': self._get_response_for_code(response_serializers, '200', direction=direction)}
  File "E:\PythonProjects\Django-Learn\DRF\Full-StackCorporation\envCorp\lib\site-packages\drf_spectacular\openapi.py", line 1343, in _get_response_for_code
    component = self.resolve_serializer(serializer, direction)
  File "E:\PythonProjects\Django-Learn\DRF\Full-StackCorporation\envCorp\lib\site-packages\drf_spectacular\openapi.py", line 1514, in resolve_serializer
    component.schema = self._map_serializer(serializer, direction, bypass_extensions)
  File "E:\PythonProjects\Django-Learn\DRF\Full-StackCorporation\envCorp\lib\site-packages\drf_spectacular\openapi.py", line 896, in _map_serializer
    schema = self._map_basic_serializer(serializer, direction)
  File "E:\PythonProjects\Django-Learn\DRF\Full-StackCorporation\envCorp\lib\site-packages\drf_spectacular\openapi.py", line 983, in _map_basic_serializer
    schema = self._map_serializer_field(field, direction)
  File "E:\PythonProjects\Django-Learn\DRF\Full-StackCorporation\envCorp\lib\site-packages\drf_spectacular\openapi.py", line 820, in _map_serializer_field
    return append_meta(self._map_response_type_hint(method), meta)
  File "E:\PythonProjects\Django-Learn\DRF\Full-StackCorporation\envCorp\lib\site-packages\drf_spectacular\plumbing.py", line 497, in append_meta
    return safe_ref({**schema, **meta})
TypeError: 'NoneType' object is not a mapping
2023-01-27 03:04:28,313 django.server ERROR "GET /api-swagger/schema/ HTTP/1.1" 500 188926
2023-01-27 03:04:28,390 django.request ERROR Internal Server Error: /api-swagger/schema/
Traceback (most recent call last):
  File "E:\PythonProjects\Django-Learn\DRF\Full-StackCorporation\envCorp\lib\site-packages\django\core\handlers\exception.py", line 55, in inner
    response = get_response(request)
  File "E:\PythonProjects\Django-Learn\DRF\Full-StackCorporation\envCorp\lib\site-packages\django\core\handlers\base.py", line 197, in _get_response
    response = wrapped_callback(request, *callback_args, **callback_kwargs)
  File "E:\PythonProjects\Django-Learn\DRF\Full-StackCorporation\envCorp\lib\site-packages\django\views\decorators\csrf.py", line 54, in wrapped_view
    return view_func(*args, **kwargs)
  File "E:\PythonProjects\Django-Learn\DRF\Full-StackCorporation\envCorp\lib\site-packages\django\views\generic\base.py", line 103, in view
    return self.dispatch(request, *args, **kwargs)
  File "E:\PythonProjects\Django-Learn\DRF\Full-StackCorporation\envCorp\lib\site-packages\rest_framework\views.py", line 509, in dispatch
    response = self.handle_exception(exc)
  File "E:\PythonProjects\Django-Learn\DRF\Full-StackCorporation\envCorp\lib\site-packages\rest_framework\views.py", line 469, in handle_exception
    self.raise_uncaught_exception(exc)
  File "E:\PythonProjects\Django-Learn\DRF\Full-StackCorporation\envCorp\lib\site-packages\rest_framework\views.py", line 480, in raise_uncaught_exception
    raise exc
  File "E:\PythonProjects\Django-Learn\DRF\Full-StackCorporation\envCorp\lib\site-packages\rest_framework\views.py", line 506, in dispatch
    response = handler(request, *args, **kwargs)
  File "E:\PythonProjects\Django-Learn\DRF\Full-StackCorporation\envCorp\lib\site-packages\drf_spectacular\views.py", line 83, in get
    return self._get_schema_response(request)
  File "E:\PythonProjects\Django-Learn\DRF\Full-StackCorporation\envCorp\lib\site-packages\drf_spectacular\views.py", line 91, in _get_schema_response
    data=generator.get_schema(request=request, public=self.serve_public),
  File "E:\PythonProjects\Django-Learn\DRF\Full-StackCorporation\envCorp\lib\site-packages\drf_spectacular\generators.py", line 268, in get_schema
    paths=self.parse(request, public),
  File "E:\PythonProjects\Django-Learn\DRF\Full-StackCorporation\envCorp\lib\site-packages\drf_spectacular\generators.py", line 239, in parse
    operation = view.schema.get_operation(
  File "E:\PythonProjects\Django-Learn\DRF\Full-StackCorporation\envCorp\lib\site-packages\drf_spectacular\utils.py", line 364, in get_operation
    return super().get_operation(path, path_regex, path_prefix, method, registry)
  File "E:\PythonProjects\Django-Learn\DRF\Full-StackCorporation\envCorp\lib\site-packages\drf_spectacular\openapi.py", line 94, in get_operation
    operation['responses'] = self._get_response_bodies()
  File "E:\PythonProjects\Django-Learn\DRF\Full-StackCorporation\envCorp\lib\site-packages\drf_spectacular\openapi.py", line 1287, in _get_response_bodies
    return {'200': self._get_response_for_code(response_serializers, '200', direction=direction)}
  File "E:\PythonProjects\Django-Learn\DRF\Full-StackCorporation\envCorp\lib\site-packages\drf_spectacular\openapi.py", line 1343, in _get_response_for_code
    component = self.resolve_serializer(serializer, direction)
  File "E:\PythonProjects\Django-Learn\DRF\Full-StackCorporation\envCorp\lib\site-packages\drf_spectacular\openapi.py", line 1514, in resolve_serializer
    component.schema = self._map_serializer(serializer, direction, bypass_extensions)
  File "E:\PythonProjects\Django-Learn\DRF\Full-StackCorporation\envCorp\lib\site-packages\drf_spectacular\openapi.py", line 896, in _map_serializer
    schema = self._map_basic_serializer(serializer, direction)
  File "E:\PythonProjects\Django-Learn\DRF\Full-StackCorporation\envCorp\lib\site-packages\drf_spectacular\openapi.py", line 983, in _map_basic_serializer
    schema = self._map_serializer_field(field, direction)
  File "E:\PythonProjects\Django-Learn\DRF\Full-StackCorporation\envCorp\lib\site-packages\drf_spectacular\openapi.py", line 820, in _map_serializer_field
    return append_meta(self._map_response_type_hint(method), meta)
  File "E:\PythonProjects\Django-Learn\DRF\Full-StackCorporation\envCorp\lib\site-packages\drf_spectacular\plumbing.py", line 497, in append_meta
    return safe_ref({**schema, **meta})
TypeError: 'NoneType' object is not a mapping
2023-01-27 03:04:28,390 django.request ERROR Internal Server Error: /api-swagger/schema/
Traceback (most recent call last):
  File "E:\PythonProjects\Django-Learn\DRF\Full-StackCorporation\envCorp\lib\site-packages\django\core\handlers\exception.py", line 55, in inner
    response = get_response(request)
  File "E:\PythonProjects\Django-Learn\DRF\Full-StackCorporation\envCorp\lib\site-packages\django\core\handlers\base.py", line 197, in _get_response
    response = wrapped_callback(request, *callback_args, **callback_kwargs)
  File "E:\PythonProjects\Django-Learn\DRF\Full-StackCorporation\envCorp\lib\site-packages\django\views\decorators\csrf.py", line 54, in wrapped_view
    return view_func(*args, **kwargs)
  File "E:\PythonProjects\Django-Learn\DRF\Full-StackCorporation\envCorp\lib\site-packages\django\views\generic\base.py", line 103, in view
    return self.dispatch(request, *args, **kwargs)
  File "E:\PythonProjects\Django-Learn\DRF\Full-StackCorporation\envCorp\lib\site-packages\rest_framework\views.py", line 509, in dispatch
    response = self.handle_exception(exc)
  File "E:\PythonProjects\Django-Learn\DRF\Full-StackCorporation\envCorp\lib\site-packages\rest_framework\views.py", line 469, in handle_exception
    self.raise_uncaught_exception(exc)
  File "E:\PythonProjects\Django-Learn\DRF\Full-StackCorporation\envCorp\lib\site-packages\rest_framework\views.py", line 480, in raise_uncaught_exception
    raise exc
  File "E:\PythonProjects\Django-Learn\DRF\Full-StackCorporation\envCorp\lib\site-packages\rest_framework\views.py", line 506, in dispatch
    response = handler(request, *args, **kwargs)
  File "E:\PythonProjects\Django-Learn\DRF\Full-StackCorporation\envCorp\lib\site-packages\drf_spectacular\views.py", line 83, in get
    return self._get_schema_response(request)
  File "E:\PythonProjects\Django-Learn\DRF\Full-StackCorporation\envCorp\lib\site-packages\drf_spectacular\views.py", line 91, in _get_schema_response
    data=generator.get_schema(request=request, public=self.serve_public),
  File "E:\PythonProjects\Django-Learn\DRF\Full-StackCorporation\envCorp\lib\site-packages\drf_spectacular\generators.py", line 268, in get_schema
    paths=self.parse(request, public),
  File "E:\PythonProjects\Django-Learn\DRF\Full-StackCorporation\envCorp\lib\site-packages\drf_spectacular\generators.py", line 239, in parse
    operation = view.schema.get_operation(
  File "E:\PythonProjects\Django-Learn\DRF\Full-StackCorporation\envCorp\lib\site-packages\drf_spectacular\utils.py", line 364, in get_operation
    return super().get_operation(path, path_regex, path_prefix, method, registry)
  File "E:\PythonProjects\Django-Learn\DRF\Full-StackCorporation\envCorp\lib\site-packages\drf_spectacular\openapi.py", line 94, in get_operation
    operation['responses'] = self._get_response_bodies()
  File "E:\PythonProjects\Django-Learn\DRF\Full-StackCorporation\envCorp\lib\site-packages\drf_spectacular\openapi.py", line 1287, in _get_response_bodies
    return {'200': self._get_response_for_code(response_serializers, '200', direction=direction)}
  File "E:\PythonProjects\Django-Learn\DRF\Full-StackCorporation\envCorp\lib\site-packages\drf_spectacular\openapi.py", line 1343, in _get_response_for_code
    component = self.resolve_serializer(serializer, direction)
  File "E:\PythonProjects\Django-Learn\DRF\Full-StackCorporation\envCorp\lib\site-packages\drf_spectacular\openapi.py", line 1514, in resolve_serializer
    component.schema = self._map_serializer(serializer, direction, bypass_extensions)
  File "E:\PythonProjects\Django-Learn\DRF\Full-StackCorporation\envCorp\lib\site-packages\drf_spectacular\openapi.py", line 896, in _map_serializer
    schema = self._map_basic_serializer(serializer, direction)
  File "E:\PythonProjects\Django-Learn\DRF\Full-StackCorporation\envCorp\lib\site-packages\drf_spectacular\openapi.py", line 983, in _map_basic_serializer
    schema = self._map_serializer_field(field, direction)
  File "E:\PythonProjects\Django-Learn\DRF\Full-StackCorporation\envCorp\lib\site-packages\drf_spectacular\openapi.py", line 820, in _map_serializer_field
    return append_meta(self._map_response_type_hint(method), meta)
  File "E:\PythonProjects\Django-Learn\DRF\Full-StackCorporation\envCorp\lib\site-packages\drf_spectacular\plumbing.py", line 497, in append_meta
    return safe_ref({**schema, **meta})
TypeError: 'NoneType' object is not a mapping
2023-01-27 03:04:28,391 django.server ERROR "GET /api-swagger/schema/ HTTP/1.1" 500 188926
2023-01-27 03:05:45,935 django.utils.autoreload INFO E:\PythonProjects\Django-Learn\DRF\Full-StackCorporation\Full-StackCorporation-Backend\src\employee\serializers\developer.py changed, reloading.
2023-01-27 03:05:46,562 django.utils.autoreload INFO Watching for file changes with StatReloader
2023-01-27 03:05:52,290 django.utils.autoreload INFO E:\PythonProjects\Django-Learn\DRF\Full-StackCorporation\Full-StackCorporation-Backend\src\employee\serializers\developer.py changed, reloading.
2023-01-27 03:05:52,916 django.utils.autoreload INFO Watching for file changes with StatReloader
2023-01-27 03:05:54,635 django.server INFO "GET / HTTP/1.1" 200 4267
2023-01-27 03:05:55,020 django.request ERROR Internal Server Error: /api-swagger/schema/
Traceback (most recent call last):
  File "E:\PythonProjects\Django-Learn\DRF\Full-StackCorporation\envCorp\lib\site-packages\django\core\handlers\exception.py", line 55, in inner
    response = get_response(request)
  File "E:\PythonProjects\Django-Learn\DRF\Full-StackCorporation\envCorp\lib\site-packages\django\core\handlers\base.py", line 197, in _get_response
    response = wrapped_callback(request, *callback_args, **callback_kwargs)
  File "E:\PythonProjects\Django-Learn\DRF\Full-StackCorporation\envCorp\lib\site-packages\django\views\decorators\csrf.py", line 54, in wrapped_view
    return view_func(*args, **kwargs)
  File "E:\PythonProjects\Django-Learn\DRF\Full-StackCorporation\envCorp\lib\site-packages\django\views\generic\base.py", line 103, in view
    return self.dispatch(request, *args, **kwargs)
  File "E:\PythonProjects\Django-Learn\DRF\Full-StackCorporation\envCorp\lib\site-packages\rest_framework\views.py", line 509, in dispatch
    response = self.handle_exception(exc)
  File "E:\PythonProjects\Django-Learn\DRF\Full-StackCorporation\envCorp\lib\site-packages\rest_framework\views.py", line 469, in handle_exception
    self.raise_uncaught_exception(exc)
  File "E:\PythonProjects\Django-Learn\DRF\Full-StackCorporation\envCorp\lib\site-packages\rest_framework\views.py", line 480, in raise_uncaught_exception
    raise exc
  File "E:\PythonProjects\Django-Learn\DRF\Full-StackCorporation\envCorp\lib\site-packages\rest_framework\views.py", line 506, in dispatch
    response = handler(request, *args, **kwargs)
  File "E:\PythonProjects\Django-Learn\DRF\Full-StackCorporation\envCorp\lib\site-packages\drf_spectacular\views.py", line 83, in get
    return self._get_schema_response(request)
  File "E:\PythonProjects\Django-Learn\DRF\Full-StackCorporation\envCorp\lib\site-packages\drf_spectacular\views.py", line 91, in _get_schema_response
    data=generator.get_schema(request=request, public=self.serve_public),
  File "E:\PythonProjects\Django-Learn\DRF\Full-StackCorporation\envCorp\lib\site-packages\drf_spectacular\generators.py", line 268, in get_schema
    paths=self.parse(request, public),
  File "E:\PythonProjects\Django-Learn\DRF\Full-StackCorporation\envCorp\lib\site-packages\drf_spectacular\generators.py", line 239, in parse
    operation = view.schema.get_operation(
  File "E:\PythonProjects\Django-Learn\DRF\Full-StackCorporation\envCorp\lib\site-packages\drf_spectacular\utils.py", line 364, in get_operation
    return super().get_operation(path, path_regex, path_prefix, method, registry)
  File "E:\PythonProjects\Django-Learn\DRF\Full-StackCorporation\envCorp\lib\site-packages\drf_spectacular\openapi.py", line 94, in get_operation
    operation['responses'] = self._get_response_bodies()
  File "E:\PythonProjects\Django-Learn\DRF\Full-StackCorporation\envCorp\lib\site-packages\drf_spectacular\openapi.py", line 1287, in _get_response_bodies
    return {'200': self._get_response_for_code(response_serializers, '200', direction=direction)}
  File "E:\PythonProjects\Django-Learn\DRF\Full-StackCorporation\envCorp\lib\site-packages\drf_spectacular\openapi.py", line 1343, in _get_response_for_code
    component = self.resolve_serializer(serializer, direction)
  File "E:\PythonProjects\Django-Learn\DRF\Full-StackCorporation\envCorp\lib\site-packages\drf_spectacular\openapi.py", line 1514, in resolve_serializer
    component.schema = self._map_serializer(serializer, direction, bypass_extensions)
  File "E:\PythonProjects\Django-Learn\DRF\Full-StackCorporation\envCorp\lib\site-packages\drf_spectacular\openapi.py", line 896, in _map_serializer
    schema = self._map_basic_serializer(serializer, direction)
  File "E:\PythonProjects\Django-Learn\DRF\Full-StackCorporation\envCorp\lib\site-packages\drf_spectacular\openapi.py", line 983, in _map_basic_serializer
    schema = self._map_serializer_field(field, direction)
  File "E:\PythonProjects\Django-Learn\DRF\Full-StackCorporation\envCorp\lib\site-packages\drf_spectacular\openapi.py", line 820, in _map_serializer_field
    return append_meta(self._map_response_type_hint(method), meta)
  File "E:\PythonProjects\Django-Learn\DRF\Full-StackCorporation\envCorp\lib\site-packages\drf_spectacular\plumbing.py", line 497, in append_meta
    return safe_ref({**schema, **meta})
TypeError: 'NoneType' object is not a mapping
2023-01-27 03:05:55,020 django.request ERROR Internal Server Error: /api-swagger/schema/
Traceback (most recent call last):
  File "E:\PythonProjects\Django-Learn\DRF\Full-StackCorporation\envCorp\lib\site-packages\django\core\handlers\exception.py", line 55, in inner
    response = get_response(request)
  File "E:\PythonProjects\Django-Learn\DRF\Full-StackCorporation\envCorp\lib\site-packages\django\core\handlers\base.py", line 197, in _get_response
    response = wrapped_callback(request, *callback_args, **callback_kwargs)
  File "E:\PythonProjects\Django-Learn\DRF\Full-StackCorporation\envCorp\lib\site-packages\django\views\decorators\csrf.py", line 54, in wrapped_view
    return view_func(*args, **kwargs)
  File "E:\PythonProjects\Django-Learn\DRF\Full-StackCorporation\envCorp\lib\site-packages\django\views\generic\base.py", line 103, in view
    return self.dispatch(request, *args, **kwargs)
  File "E:\PythonProjects\Django-Learn\DRF\Full-StackCorporation\envCorp\lib\site-packages\rest_framework\views.py", line 509, in dispatch
    response = self.handle_exception(exc)
  File "E:\PythonProjects\Django-Learn\DRF\Full-StackCorporation\envCorp\lib\site-packages\rest_framework\views.py", line 469, in handle_exception
    self.raise_uncaught_exception(exc)
  File "E:\PythonProjects\Django-Learn\DRF\Full-StackCorporation\envCorp\lib\site-packages\rest_framework\views.py", line 480, in raise_uncaught_exception
    raise exc
  File "E:\PythonProjects\Django-Learn\DRF\Full-StackCorporation\envCorp\lib\site-packages\rest_framework\views.py", line 506, in dispatch
    response = handler(request, *args, **kwargs)
  File "E:\PythonProjects\Django-Learn\DRF\Full-StackCorporation\envCorp\lib\site-packages\drf_spectacular\views.py", line 83, in get
    return self._get_schema_response(request)
  File "E:\PythonProjects\Django-Learn\DRF\Full-StackCorporation\envCorp\lib\site-packages\drf_spectacular\views.py", line 91, in _get_schema_response
    data=generator.get_schema(request=request, public=self.serve_public),
  File "E:\PythonProjects\Django-Learn\DRF\Full-StackCorporation\envCorp\lib\site-packages\drf_spectacular\generators.py", line 268, in get_schema
    paths=self.parse(request, public),
  File "E:\PythonProjects\Django-Learn\DRF\Full-StackCorporation\envCorp\lib\site-packages\drf_spectacular\generators.py", line 239, in parse
    operation = view.schema.get_operation(
  File "E:\PythonProjects\Django-Learn\DRF\Full-StackCorporation\envCorp\lib\site-packages\drf_spectacular\utils.py", line 364, in get_operation
    return super().get_operation(path, path_regex, path_prefix, method, registry)
  File "E:\PythonProjects\Django-Learn\DRF\Full-StackCorporation\envCorp\lib\site-packages\drf_spectacular\openapi.py", line 94, in get_operation
    operation['responses'] = self._get_response_bodies()
  File "E:\PythonProjects\Django-Learn\DRF\Full-StackCorporation\envCorp\lib\site-packages\drf_spectacular\openapi.py", line 1287, in _get_response_bodies
    return {'200': self._get_response_for_code(response_serializers, '200', direction=direction)}
  File "E:\PythonProjects\Django-Learn\DRF\Full-StackCorporation\envCorp\lib\site-packages\drf_spectacular\openapi.py", line 1343, in _get_response_for_code
    component = self.resolve_serializer(serializer, direction)
  File "E:\PythonProjects\Django-Learn\DRF\Full-StackCorporation\envCorp\lib\site-packages\drf_spectacular\openapi.py", line 1514, in resolve_serializer
    component.schema = self._map_serializer(serializer, direction, bypass_extensions)
  File "E:\PythonProjects\Django-Learn\DRF\Full-StackCorporation\envCorp\lib\site-packages\drf_spectacular\openapi.py", line 896, in _map_serializer
    schema = self._map_basic_serializer(serializer, direction)
  File "E:\PythonProjects\Django-Learn\DRF\Full-StackCorporation\envCorp\lib\site-packages\drf_spectacular\openapi.py", line 983, in _map_basic_serializer
    schema = self._map_serializer_field(field, direction)
  File "E:\PythonProjects\Django-Learn\DRF\Full-StackCorporation\envCorp\lib\site-packages\drf_spectacular\openapi.py", line 820, in _map_serializer_field
    return append_meta(self._map_response_type_hint(method), meta)
  File "E:\PythonProjects\Django-Learn\DRF\Full-StackCorporation\envCorp\lib\site-packages\drf_spectacular\plumbing.py", line 497, in append_meta
    return safe_ref({**schema, **meta})
TypeError: 'NoneType' object is not a mapping
2023-01-27 03:05:55,023 django.server ERROR "GET /api-swagger/schema/ HTTP/1.1" 500 188926
2023-01-27 03:05:55,098 django.request ERROR Internal Server Error: /api-swagger/schema/
Traceback (most recent call last):
  File "E:\PythonProjects\Django-Learn\DRF\Full-StackCorporation\envCorp\lib\site-packages\django\core\handlers\exception.py", line 55, in inner
    response = get_response(request)
  File "E:\PythonProjects\Django-Learn\DRF\Full-StackCorporation\envCorp\lib\site-packages\django\core\handlers\base.py", line 197, in _get_response
    response = wrapped_callback(request, *callback_args, **callback_kwargs)
  File "E:\PythonProjects\Django-Learn\DRF\Full-StackCorporation\envCorp\lib\site-packages\django\views\decorators\csrf.py", line 54, in wrapped_view
    return view_func(*args, **kwargs)
  File "E:\PythonProjects\Django-Learn\DRF\Full-StackCorporation\envCorp\lib\site-packages\django\views\generic\base.py", line 103, in view
    return self.dispatch(request, *args, **kwargs)
  File "E:\PythonProjects\Django-Learn\DRF\Full-StackCorporation\envCorp\lib\site-packages\rest_framework\views.py", line 509, in dispatch
    response = self.handle_exception(exc)
  File "E:\PythonProjects\Django-Learn\DRF\Full-StackCorporation\envCorp\lib\site-packages\rest_framework\views.py", line 469, in handle_exception
    self.raise_uncaught_exception(exc)
  File "E:\PythonProjects\Django-Learn\DRF\Full-StackCorporation\envCorp\lib\site-packages\rest_framework\views.py", line 480, in raise_uncaught_exception
    raise exc
  File "E:\PythonProjects\Django-Learn\DRF\Full-StackCorporation\envCorp\lib\site-packages\rest_framework\views.py", line 506, in dispatch
    response = handler(request, *args, **kwargs)
  File "E:\PythonProjects\Django-Learn\DRF\Full-StackCorporation\envCorp\lib\site-packages\drf_spectacular\views.py", line 83, in get
    return self._get_schema_response(request)
  File "E:\PythonProjects\Django-Learn\DRF\Full-StackCorporation\envCorp\lib\site-packages\drf_spectacular\views.py", line 91, in _get_schema_response
    data=generator.get_schema(request=request, public=self.serve_public),
  File "E:\PythonProjects\Django-Learn\DRF\Full-StackCorporation\envCorp\lib\site-packages\drf_spectacular\generators.py", line 268, in get_schema
    paths=self.parse(request, public),
  File "E:\PythonProjects\Django-Learn\DRF\Full-StackCorporation\envCorp\lib\site-packages\drf_spectacular\generators.py", line 239, in parse
    operation = view.schema.get_operation(
  File "E:\PythonProjects\Django-Learn\DRF\Full-StackCorporation\envCorp\lib\site-packages\drf_spectacular\utils.py", line 364, in get_operation
    return super().get_operation(path, path_regex, path_prefix, method, registry)
  File "E:\PythonProjects\Django-Learn\DRF\Full-StackCorporation\envCorp\lib\site-packages\drf_spectacular\openapi.py", line 94, in get_operation
    operation['responses'] = self._get_response_bodies()
  File "E:\PythonProjects\Django-Learn\DRF\Full-StackCorporation\envCorp\lib\site-packages\drf_spectacular\openapi.py", line 1287, in _get_response_bodies
    return {'200': self._get_response_for_code(response_serializers, '200', direction=direction)}
  File "E:\PythonProjects\Django-Learn\DRF\Full-StackCorporation\envCorp\lib\site-packages\drf_spectacular\openapi.py", line 1343, in _get_response_for_code
    component = self.resolve_serializer(serializer, direction)
  File "E:\PythonProjects\Django-Learn\DRF\Full-StackCorporation\envCorp\lib\site-packages\drf_spectacular\openapi.py", line 1514, in resolve_serializer
    component.schema = self._map_serializer(serializer, direction, bypass_extensions)
  File "E:\PythonProjects\Django-Learn\DRF\Full-StackCorporation\envCorp\lib\site-packages\drf_spectacular\openapi.py", line 896, in _map_serializer
    schema = self._map_basic_serializer(serializer, direction)
  File "E:\PythonProjects\Django-Learn\DRF\Full-StackCorporation\envCorp\lib\site-packages\drf_spectacular\openapi.py", line 983, in _map_basic_serializer
    schema = self._map_serializer_field(field, direction)
  File "E:\PythonProjects\Django-Learn\DRF\Full-StackCorporation\envCorp\lib\site-packages\drf_spectacular\openapi.py", line 820, in _map_serializer_field
    return append_meta(self._map_response_type_hint(method), meta)
  File "E:\PythonProjects\Django-Learn\DRF\Full-StackCorporation\envCorp\lib\site-packages\drf_spectacular\plumbing.py", line 497, in append_meta
    return safe_ref({**schema, **meta})
TypeError: 'NoneType' object is not a mapping
2023-01-27 03:05:55,098 django.request ERROR Internal Server Error: /api-swagger/schema/
Traceback (most recent call last):
  File "E:\PythonProjects\Django-Learn\DRF\Full-StackCorporation\envCorp\lib\site-packages\django\core\handlers\exception.py", line 55, in inner
    response = get_response(request)
  File "E:\PythonProjects\Django-Learn\DRF\Full-StackCorporation\envCorp\lib\site-packages\django\core\handlers\base.py", line 197, in _get_response
    response = wrapped_callback(request, *callback_args, **callback_kwargs)
  File "E:\PythonProjects\Django-Learn\DRF\Full-StackCorporation\envCorp\lib\site-packages\django\views\decorators\csrf.py", line 54, in wrapped_view
    return view_func(*args, **kwargs)
  File "E:\PythonProjects\Django-Learn\DRF\Full-StackCorporation\envCorp\lib\site-packages\django\views\generic\base.py", line 103, in view
    return self.dispatch(request, *args, **kwargs)
  File "E:\PythonProjects\Django-Learn\DRF\Full-StackCorporation\envCorp\lib\site-packages\rest_framework\views.py", line 509, in dispatch
    response = self.handle_exception(exc)
  File "E:\PythonProjects\Django-Learn\DRF\Full-StackCorporation\envCorp\lib\site-packages\rest_framework\views.py", line 469, in handle_exception
    self.raise_uncaught_exception(exc)
  File "E:\PythonProjects\Django-Learn\DRF\Full-StackCorporation\envCorp\lib\site-packages\rest_framework\views.py", line 480, in raise_uncaught_exception
    raise exc
  File "E:\PythonProjects\Django-Learn\DRF\Full-StackCorporation\envCorp\lib\site-packages\rest_framework\views.py", line 506, in dispatch
    response = handler(request, *args, **kwargs)
  File "E:\PythonProjects\Django-Learn\DRF\Full-StackCorporation\envCorp\lib\site-packages\drf_spectacular\views.py", line 83, in get
    return self._get_schema_response(request)
  File "E:\PythonProjects\Django-Learn\DRF\Full-StackCorporation\envCorp\lib\site-packages\drf_spectacular\views.py", line 91, in _get_schema_response
    data=generator.get_schema(request=request, public=self.serve_public),
  File "E:\PythonProjects\Django-Learn\DRF\Full-StackCorporation\envCorp\lib\site-packages\drf_spectacular\generators.py", line 268, in get_schema
    paths=self.parse(request, public),
  File "E:\PythonProjects\Django-Learn\DRF\Full-StackCorporation\envCorp\lib\site-packages\drf_spectacular\generators.py", line 239, in parse
    operation = view.schema.get_operation(
  File "E:\PythonProjects\Django-Learn\DRF\Full-StackCorporation\envCorp\lib\site-packages\drf_spectacular\utils.py", line 364, in get_operation
    return super().get_operation(path, path_regex, path_prefix, method, registry)
  File "E:\PythonProjects\Django-Learn\DRF\Full-StackCorporation\envCorp\lib\site-packages\drf_spectacular\openapi.py", line 94, in get_operation
    operation['responses'] = self._get_response_bodies()
  File "E:\PythonProjects\Django-Learn\DRF\Full-StackCorporation\envCorp\lib\site-packages\drf_spectacular\openapi.py", line 1287, in _get_response_bodies
    return {'200': self._get_response_for_code(response_serializers, '200', direction=direction)}
  File "E:\PythonProjects\Django-Learn\DRF\Full-StackCorporation\envCorp\lib\site-packages\drf_spectacular\openapi.py", line 1343, in _get_response_for_code
    component = self.resolve_serializer(serializer, direction)
  File "E:\PythonProjects\Django-Learn\DRF\Full-StackCorporation\envCorp\lib\site-packages\drf_spectacular\openapi.py", line 1514, in resolve_serializer
    component.schema = self._map_serializer(serializer, direction, bypass_extensions)
  File "E:\PythonProjects\Django-Learn\DRF\Full-StackCorporation\envCorp\lib\site-packages\drf_spectacular\openapi.py", line 896, in _map_serializer
    schema = self._map_basic_serializer(serializer, direction)
  File "E:\PythonProjects\Django-Learn\DRF\Full-StackCorporation\envCorp\lib\site-packages\drf_spectacular\openapi.py", line 983, in _map_basic_serializer
    schema = self._map_serializer_field(field, direction)
  File "E:\PythonProjects\Django-Learn\DRF\Full-StackCorporation\envCorp\lib\site-packages\drf_spectacular\openapi.py", line 820, in _map_serializer_field
    return append_meta(self._map_response_type_hint(method), meta)
  File "E:\PythonProjects\Django-Learn\DRF\Full-StackCorporation\envCorp\lib\site-packages\drf_spectacular\plumbing.py", line 497, in append_meta
    return safe_ref({**schema, **meta})
TypeError: 'NoneType' object is not a mapping
2023-01-27 03:05:55,099 django.server ERROR "GET /api-swagger/schema/ HTTP/1.1" 500 188926
2023-01-27 03:08:10,758 django.utils.autoreload INFO E:\PythonProjects\Django-Learn\DRF\Full-StackCorporation\Full-StackCorporation-Backend\src\employee\serializers\developer.py changed, reloading.
2023-01-27 03:08:11,390 django.utils.autoreload INFO Watching for file changes with StatReloader
2023-01-27 03:08:15,019 django.utils.autoreload INFO E:\PythonProjects\Django-Learn\DRF\Full-StackCorporation\Full-StackCorporation-Backend\src\employee\serializers\developer.py changed, reloading.
2023-01-27 03:08:15,722 django.utils.autoreload INFO Watching for file changes with StatReloader
2023-01-27 03:08:26,116 django.utils.autoreload INFO Watching for file changes with StatReloader
2023-01-27 03:08:28,282 django.server INFO "GET / HTTP/1.1" 200 4267
2023-01-27 03:08:28,667 django.server INFO "GET /api-swagger/schema/ HTTP/1.1" 200 195557
